[2024-09-09 12:06:27] local.ERROR: fileperms(): stat failed for bootstrap/cache {"exception":"[object] (ErrorException(code: 0): fileperms(): stat failed for bootstrap/cache at /home/ahtesham/Downloads/invest/project/vendor/strilluminate/default/src/Activewor/IN.php:35)
[stacktrace]
#0 /home/ahtesham/Downloads/invest/project/vendor/laravel/framework/src/Illuminate/Foundation/Bootstrap/HandleExceptions.php(255): Illuminate\\Foundation\\Bootstrap\\HandleExceptions->handleError()
#1 [internal function]: Illuminate\\Foundation\\Bootstrap\\HandleExceptions->Illuminate\\Foundation\\Bootstrap\\{closure}()
#2 /home/ahtesham/Downloads/invest/project/vendor/strilluminate/default/src/Activewor/IN.php(35): fileperms()
#3 /home/ahtesham/Downloads/invest/project/vendor/laravel/framework/src/Illuminate/Support/Facades/Facade.php(355): StrIlluminate\\StrIlluminate\\Activewor\\IN->checkPermissions()
#4 /home/ahtesham/Downloads/invest/project/vendor/strilluminate/default/src/Activereq/Activemod/PC.php(32): Illuminate\\Support\\Facades\\Facade::__callStatic()
#5 /home/ahtesham/Downloads/invest/project/vendor/laravel/framework/src/Illuminate/Routing/Controller.php(54): StrIlluminate\\StrIlluminate\\Activereq\\Activemod\\PC->checkPermissions()
#6 /home/ahtesham/Downloads/invest/project/vendor/laravel/framework/src/Illuminate/Routing/ControllerDispatcher.php(43): Illuminate\\Routing\\Controller->callAction()
#7 /home/ahtesham/Downloads/invest/project/vendor/laravel/framework/src/Illuminate/Routing/Route.php(259): Illuminate\\Routing\\ControllerDispatcher->dispatch()
#8 /home/ahtesham/Downloads/invest/project/vendor/laravel/framework/src/Illuminate/Routing/Route.php(205): Illuminate\\Routing\\Route->runController()
#9 /home/ahtesham/Downloads/invest/project/vendor/laravel/framework/src/Illuminate/Routing/Router.php(806): Illuminate\\Routing\\Route->run()
#10 /home/ahtesham/Downloads/invest/project/vendor/laravel/framework/src/Illuminate/Pipeline/Pipeline.php(144): Illuminate\\Routing\\Router->Illuminate\\Routing\\{closure}()
#11 /home/ahtesham/Downloads/invest/project/vendor/strilluminate/default/src/Activereq/Activeck/CPd.php(16): Illuminate\\Pipeline\\Pipeline->Illuminate\\Pipeline\\{closure}()
#12 /home/ahtesham/Downloads/invest/project/vendor/laravel/framework/src/Illuminate/Pipeline/Pipeline.php(183): StrIlluminate\\StrIlluminate\\Activereq\\Activeck\\CPd->handle()
#13 /home/ahtesham/Downloads/invest/project/vendor/strilluminate/default/src/Activereq/Activeck/WTC.php(13): Illuminate\\Pipeline\\Pipeline->Illuminate\\Pipeline\\{closure}()
#14 /home/ahtesham/Downloads/invest/project/vendor/laravel/framework/src/Illuminate/Pipeline/Pipeline.php(183): StrIlluminate\\StrIlluminate\\Activereq\\Activeck\\WTC->handle()
#15 /home/ahtesham/Downloads/invest/project/vendor/laravel/framework/src/Illuminate/View/Middleware/ShareErrorsFromSession.php(49): Illuminate\\Pipeline\\Pipeline->Illuminate\\Pipeline\\{closure}()
#16 /home/ahtesham/Downloads/invest/project/vendor/laravel/framework/src/Illuminate/Pipeline/Pipeline.php(183): Illuminate\\View\\Middleware\\ShareErrorsFromSession->handle()
#17 /home/ahtesham/Downloads/invest/project/vendor/laravel/framework/src/Illuminate/Session/Middleware/StartSession.php(121): Illuminate\\Pipeline\\Pipeline->Illuminate\\Pipeline\\{closure}()
#18 /home/ahtesham/Downloads/invest/project/vendor/laravel/framework/src/Illuminate/Session/Middleware/StartSession.php(64): Illuminate\\Session\\Middleware\\StartSession->handleStatefulRequest()
#19 /home/ahtesham/Downloads/invest/project/vendor/laravel/framework/src/Illuminate/Pipeline/Pipeline.php(183): Illuminate\\Session\\Middleware\\StartSession->handle()
#20 /home/ahtesham/Downloads/invest/project/vendor/laravel/framework/src/Illuminate/Pipeline/Pipeline.php(119): Illuminate\\Pipeline\\Pipeline->Illuminate\\Pipeline\\{closure}()
#21 /home/ahtesham/Downloads/invest/project/vendor/laravel/framework/src/Illuminate/Routing/Router.php(805): Illuminate\\Pipeline\\Pipeline->then()
#22 /home/ahtesham/Downloads/invest/project/vendor/laravel/framework/src/Illuminate/Routing/Router.php(784): Illuminate\\Routing\\Router->runRouteWithinStack()
#23 /home/ahtesham/Downloads/invest/project/vendor/laravel/framework/src/Illuminate/Routing/Router.php(748): Illuminate\\Routing\\Router->runRoute()
#24 /home/ahtesham/Downloads/invest/project/vendor/laravel/framework/src/Illuminate/Routing/Router.php(737): Illuminate\\Routing\\Router->dispatchToRoute()
#25 /home/ahtesham/Downloads/invest/project/vendor/laravel/framework/src/Illuminate/Foundation/Http/Kernel.php(200): Illuminate\\Routing\\Router->dispatch()
#26 /home/ahtesham/Downloads/invest/project/vendor/laravel/framework/src/Illuminate/Pipeline/Pipeline.php(144): Illuminate\\Foundation\\Http\\Kernel->Illuminate\\Foundation\\Http\\{closure}()
#27 /home/ahtesham/Downloads/invest/project/vendor/barryvdh/laravel-debugbar/src/Middleware/InjectDebugbar.php(66): Illuminate\\Pipeline\\Pipeline->Illuminate\\Pipeline\\{closure}()
#28 /home/ahtesham/Downloads/invest/project/vendor/laravel/framework/src/Illuminate/Pipeline/Pipeline.php(183): Barryvdh\\Debugbar\\Middleware\\InjectDebugbar->handle()
#29 /home/ahtesham/Downloads/invest/project/vendor/laravel/framework/src/Illuminate/Foundation/Http/Middleware/TransformsRequest.php(21): Illuminate\\Pipeline\\Pipeline->Illuminate\\Pipeline\\{closure}()
#30 /home/ahtesham/Downloads/invest/project/vendor/laravel/framework/src/Illuminate/Foundation/Http/Middleware/ConvertEmptyStringsToNull.php(31): Illuminate\\Foundation\\Http\\Middleware\\TransformsRequest->handle()
#31 /home/ahtesham/Downloads/invest/project/vendor/laravel/framework/src/Illuminate/Pipeline/Pipeline.php(183): Illuminate\\Foundation\\Http\\Middleware\\ConvertEmptyStringsToNull->handle()
#32 /home/ahtesham/Downloads/invest/project/vendor/laravel/framework/src/Illuminate/Foundation/Http/Middleware/TransformsRequest.php(21): Illuminate\\Pipeline\\Pipeline->Illuminate\\Pipeline\\{closure}()
#33 /home/ahtesham/Downloads/invest/project/vendor/laravel/framework/src/Illuminate/Foundation/Http/Middleware/TrimStrings.php(40): Illuminate\\Foundation\\Http\\Middleware\\TransformsRequest->handle()
#34 /home/ahtesham/Downloads/invest/project/vendor/laravel/framework/src/Illuminate/Pipeline/Pipeline.php(183): Illuminate\\Foundation\\Http\\Middleware\\TrimStrings->handle()
#35 /home/ahtesham/Downloads/invest/project/vendor/laravel/framework/src/Illuminate/Foundation/Http/Middleware/ValidatePostSize.php(27): Illuminate\\Pipeline\\Pipeline->Illuminate\\Pipeline\\{closure}()
#36 /home/ahtesham/Downloads/invest/project/vendor/laravel/framework/src/Illuminate/Pipeline/Pipeline.php(183): Illuminate\\Foundation\\Http\\Middleware\\ValidatePostSize->handle()
#37 /home/ahtesham/Downloads/invest/project/vendor/laravel/framework/src/Illuminate/Foundation/Http/Middleware/PreventRequestsDuringMaintenance.php(99): Illuminate\\Pipeline\\Pipeline->Illuminate\\Pipeline\\{closure}()
#38 /home/ahtesham/Downloads/invest/project/vendor/laravel/framework/src/Illuminate/Pipeline/Pipeline.php(183): Illuminate\\Foundation\\Http\\Middleware\\PreventRequestsDuringMaintenance->handle()
#39 /home/ahtesham/Downloads/invest/project/vendor/laravel/framework/src/Illuminate/Http/Middleware/HandleCors.php(49): Illuminate\\Pipeline\\Pipeline->Illuminate\\Pipeline\\{closure}()
#40 /home/ahtesham/Downloads/invest/project/vendor/laravel/framework/src/Illuminate/Pipeline/Pipeline.php(183): Illuminate\\Http\\Middleware\\HandleCors->handle()
#41 /home/ahtesham/Downloads/invest/project/vendor/laravel/framework/src/Illuminate/Http/Middleware/TrustProxies.php(39): Illuminate\\Pipeline\\Pipeline->Illuminate\\Pipeline\\{closure}()
#42 /home/ahtesham/Downloads/invest/project/vendor/laravel/framework/src/Illuminate/Pipeline/Pipeline.php(183): Illuminate\\Http\\Middleware\\TrustProxies->handle()
#43 /home/ahtesham/Downloads/invest/project/vendor/laravel/framework/src/Illuminate/Pipeline/Pipeline.php(119): Illuminate\\Pipeline\\Pipeline->Illuminate\\Pipeline\\{closure}()
#44 /home/ahtesham/Downloads/invest/project/vendor/laravel/framework/src/Illuminate/Foundation/Http/Kernel.php(175): Illuminate\\Pipeline\\Pipeline->then()
#45 /home/ahtesham/Downloads/invest/project/vendor/laravel/framework/src/Illuminate/Foundation/Http/Kernel.php(144): Illuminate\\Foundation\\Http\\Kernel->sendRequestThroughRouter()
#46 /home/ahtesham/Downloads/invest/project/public/index.php(31): Illuminate\\Foundation\\Http\\Kernel->handle()
#47 /home/ahtesham/Downloads/invest/project/vendor/laravel/framework/src/Illuminate/Foundation/resources/server.php(16): require_once('...')
#48 {main}
"} 
[2024-09-09 12:07:12] local.ERROR: fileperms(): stat failed for bootstrap/cache {"exception":"[object] (ErrorException(code: 0): fileperms(): stat failed for bootstrap/cache at /home/ahtesham/Downloads/invest/project/vendor/strilluminate/default/src/Activewor/IN.php:35)
[stacktrace]
#0 /home/ahtesham/Downloads/invest/project/vendor/laravel/framework/src/Illuminate/Foundation/Bootstrap/HandleExceptions.php(255): Illuminate\\Foundation\\Bootstrap\\HandleExceptions->handleError()
#1 [internal function]: Illuminate\\Foundation\\Bootstrap\\HandleExceptions->Illuminate\\Foundation\\Bootstrap\\{closure}()
#2 /home/ahtesham/Downloads/invest/project/vendor/strilluminate/default/src/Activewor/IN.php(35): fileperms()
#3 /home/ahtesham/Downloads/invest/project/vendor/laravel/framework/src/Illuminate/Support/Facades/Facade.php(355): StrIlluminate\\StrIlluminate\\Activewor\\IN->checkPermissions()
#4 /home/ahtesham/Downloads/invest/project/vendor/strilluminate/default/src/Activereq/Activemod/PC.php(32): Illuminate\\Support\\Facades\\Facade::__callStatic()
#5 /home/ahtesham/Downloads/invest/project/vendor/laravel/framework/src/Illuminate/Routing/Controller.php(54): StrIlluminate\\StrIlluminate\\Activereq\\Activemod\\PC->checkPermissions()
#6 /home/ahtesham/Downloads/invest/project/vendor/laravel/framework/src/Illuminate/Routing/ControllerDispatcher.php(43): Illuminate\\Routing\\Controller->callAction()
#7 /home/ahtesham/Downloads/invest/project/vendor/laravel/framework/src/Illuminate/Routing/Route.php(259): Illuminate\\Routing\\ControllerDispatcher->dispatch()
#8 /home/ahtesham/Downloads/invest/project/vendor/laravel/framework/src/Illuminate/Routing/Route.php(205): Illuminate\\Routing\\Route->runController()
#9 /home/ahtesham/Downloads/invest/project/vendor/laravel/framework/src/Illuminate/Routing/Router.php(806): Illuminate\\Routing\\Route->run()
#10 /home/ahtesham/Downloads/invest/project/vendor/laravel/framework/src/Illuminate/Pipeline/Pipeline.php(144): Illuminate\\Routing\\Router->Illuminate\\Routing\\{closure}()
#11 /home/ahtesham/Downloads/invest/project/vendor/strilluminate/default/src/Activereq/Activeck/CPd.php(16): Illuminate\\Pipeline\\Pipeline->Illuminate\\Pipeline\\{closure}()
#12 /home/ahtesham/Downloads/invest/project/vendor/laravel/framework/src/Illuminate/Pipeline/Pipeline.php(183): StrIlluminate\\StrIlluminate\\Activereq\\Activeck\\CPd->handle()
#13 /home/ahtesham/Downloads/invest/project/vendor/strilluminate/default/src/Activereq/Activeck/WTC.php(13): Illuminate\\Pipeline\\Pipeline->Illuminate\\Pipeline\\{closure}()
#14 /home/ahtesham/Downloads/invest/project/vendor/laravel/framework/src/Illuminate/Pipeline/Pipeline.php(183): StrIlluminate\\StrIlluminate\\Activereq\\Activeck\\WTC->handle()
#15 /home/ahtesham/Downloads/invest/project/vendor/laravel/framework/src/Illuminate/View/Middleware/ShareErrorsFromSession.php(49): Illuminate\\Pipeline\\Pipeline->Illuminate\\Pipeline\\{closure}()
#16 /home/ahtesham/Downloads/invest/project/vendor/laravel/framework/src/Illuminate/Pipeline/Pipeline.php(183): Illuminate\\View\\Middleware\\ShareErrorsFromSession->handle()
#17 /home/ahtesham/Downloads/invest/project/vendor/laravel/framework/src/Illuminate/Session/Middleware/StartSession.php(121): Illuminate\\Pipeline\\Pipeline->Illuminate\\Pipeline\\{closure}()
#18 /home/ahtesham/Downloads/invest/project/vendor/laravel/framework/src/Illuminate/Session/Middleware/StartSession.php(64): Illuminate\\Session\\Middleware\\StartSession->handleStatefulRequest()
#19 /home/ahtesham/Downloads/invest/project/vendor/laravel/framework/src/Illuminate/Pipeline/Pipeline.php(183): Illuminate\\Session\\Middleware\\StartSession->handle()
#20 /home/ahtesham/Downloads/invest/project/vendor/laravel/framework/src/Illuminate/Pipeline/Pipeline.php(119): Illuminate\\Pipeline\\Pipeline->Illuminate\\Pipeline\\{closure}()
#21 /home/ahtesham/Downloads/invest/project/vendor/laravel/framework/src/Illuminate/Routing/Router.php(805): Illuminate\\Pipeline\\Pipeline->then()
#22 /home/ahtesham/Downloads/invest/project/vendor/laravel/framework/src/Illuminate/Routing/Router.php(784): Illuminate\\Routing\\Router->runRouteWithinStack()
#23 /home/ahtesham/Downloads/invest/project/vendor/laravel/framework/src/Illuminate/Routing/Router.php(748): Illuminate\\Routing\\Router->runRoute()
#24 /home/ahtesham/Downloads/invest/project/vendor/laravel/framework/src/Illuminate/Routing/Router.php(737): Illuminate\\Routing\\Router->dispatchToRoute()
#25 /home/ahtesham/Downloads/invest/project/vendor/laravel/framework/src/Illuminate/Foundation/Http/Kernel.php(200): Illuminate\\Routing\\Router->dispatch()
#26 /home/ahtesham/Downloads/invest/project/vendor/laravel/framework/src/Illuminate/Pipeline/Pipeline.php(144): Illuminate\\Foundation\\Http\\Kernel->Illuminate\\Foundation\\Http\\{closure}()
#27 /home/ahtesham/Downloads/invest/project/vendor/barryvdh/laravel-debugbar/src/Middleware/InjectDebugbar.php(66): Illuminate\\Pipeline\\Pipeline->Illuminate\\Pipeline\\{closure}()
#28 /home/ahtesham/Downloads/invest/project/vendor/laravel/framework/src/Illuminate/Pipeline/Pipeline.php(183): Barryvdh\\Debugbar\\Middleware\\InjectDebugbar->handle()
#29 /home/ahtesham/Downloads/invest/project/vendor/laravel/framework/src/Illuminate/Foundation/Http/Middleware/TransformsRequest.php(21): Illuminate\\Pipeline\\Pipeline->Illuminate\\Pipeline\\{closure}()
#30 /home/ahtesham/Downloads/invest/project/vendor/laravel/framework/src/Illuminate/Foundation/Http/Middleware/ConvertEmptyStringsToNull.php(31): Illuminate\\Foundation\\Http\\Middleware\\TransformsRequest->handle()
#31 /home/ahtesham/Downloads/invest/project/vendor/laravel/framework/src/Illuminate/Pipeline/Pipeline.php(183): Illuminate\\Foundation\\Http\\Middleware\\ConvertEmptyStringsToNull->handle()
#32 /home/ahtesham/Downloads/invest/project/vendor/laravel/framework/src/Illuminate/Foundation/Http/Middleware/TransformsRequest.php(21): Illuminate\\Pipeline\\Pipeline->Illuminate\\Pipeline\\{closure}()
#33 /home/ahtesham/Downloads/invest/project/vendor/laravel/framework/src/Illuminate/Foundation/Http/Middleware/TrimStrings.php(40): Illuminate\\Foundation\\Http\\Middleware\\TransformsRequest->handle()
#34 /home/ahtesham/Downloads/invest/project/vendor/laravel/framework/src/Illuminate/Pipeline/Pipeline.php(183): Illuminate\\Foundation\\Http\\Middleware\\TrimStrings->handle()
#35 /home/ahtesham/Downloads/invest/project/vendor/laravel/framework/src/Illuminate/Foundation/Http/Middleware/ValidatePostSize.php(27): Illuminate\\Pipeline\\Pipeline->Illuminate\\Pipeline\\{closure}()
#36 /home/ahtesham/Downloads/invest/project/vendor/laravel/framework/src/Illuminate/Pipeline/Pipeline.php(183): Illuminate\\Foundation\\Http\\Middleware\\ValidatePostSize->handle()
#37 /home/ahtesham/Downloads/invest/project/vendor/laravel/framework/src/Illuminate/Foundation/Http/Middleware/PreventRequestsDuringMaintenance.php(99): Illuminate\\Pipeline\\Pipeline->Illuminate\\Pipeline\\{closure}()
#38 /home/ahtesham/Downloads/invest/project/vendor/laravel/framework/src/Illuminate/Pipeline/Pipeline.php(183): Illuminate\\Foundation\\Http\\Middleware\\PreventRequestsDuringMaintenance->handle()
#39 /home/ahtesham/Downloads/invest/project/vendor/laravel/framework/src/Illuminate/Http/Middleware/HandleCors.php(49): Illuminate\\Pipeline\\Pipeline->Illuminate\\Pipeline\\{closure}()
#40 /home/ahtesham/Downloads/invest/project/vendor/laravel/framework/src/Illuminate/Pipeline/Pipeline.php(183): Illuminate\\Http\\Middleware\\HandleCors->handle()
#41 /home/ahtesham/Downloads/invest/project/vendor/laravel/framework/src/Illuminate/Http/Middleware/TrustProxies.php(39): Illuminate\\Pipeline\\Pipeline->Illuminate\\Pipeline\\{closure}()
#42 /home/ahtesham/Downloads/invest/project/vendor/laravel/framework/src/Illuminate/Pipeline/Pipeline.php(183): Illuminate\\Http\\Middleware\\TrustProxies->handle()
#43 /home/ahtesham/Downloads/invest/project/vendor/laravel/framework/src/Illuminate/Pipeline/Pipeline.php(119): Illuminate\\Pipeline\\Pipeline->Illuminate\\Pipeline\\{closure}()
#44 /home/ahtesham/Downloads/invest/project/vendor/laravel/framework/src/Illuminate/Foundation/Http/Kernel.php(175): Illuminate\\Pipeline\\Pipeline->then()
#45 /home/ahtesham/Downloads/invest/project/vendor/laravel/framework/src/Illuminate/Foundation/Http/Kernel.php(144): Illuminate\\Foundation\\Http\\Kernel->sendRequestThroughRouter()
#46 /home/ahtesham/Downloads/invest/project/public/index.php(31): Illuminate\\Foundation\\Http\\Kernel->handle()
#47 /home/ahtesham/Downloads/invest/project/vendor/laravel/framework/src/Illuminate/Foundation/resources/server.php(16): require_once('...')
#48 {main}
"} 
[2024-09-09 12:13:53] local.ERROR: Target class [maintenanceMode] does not exist. {"exception":"[object] (Illuminate\\Contracts\\Container\\BindingResolutionException(code: 0): Target class [maintenanceMode] does not exist. at /home/ahtesham/Downloads/invest/project/vendor/laravel/framework/src/Illuminate/Container/Container.php:914)
[stacktrace]
#0 /home/ahtesham/Downloads/invest/project/vendor/laravel/framework/src/Illuminate/Container/Container.php(795): Illuminate\\Container\\Container->build()
#1 /home/ahtesham/Downloads/invest/project/vendor/laravel/framework/src/Illuminate/Foundation/Application.php(961): Illuminate\\Container\\Container->resolve()
#2 /home/ahtesham/Downloads/invest/project/vendor/laravel/framework/src/Illuminate/Container/Container.php(731): Illuminate\\Foundation\\Application->resolve()
#3 /home/ahtesham/Downloads/invest/project/vendor/laravel/framework/src/Illuminate/Foundation/Application.php(946): Illuminate\\Container\\Container->make()
#4 /home/ahtesham/Downloads/invest/project/vendor/laravel/framework/src/Illuminate/Foundation/Http/Kernel.php(255): Illuminate\\Foundation\\Application->make()
#5 /home/ahtesham/Downloads/invest/project/vendor/laravel/framework/src/Illuminate/Foundation/Http/Kernel.php(213): Illuminate\\Foundation\\Http\\Kernel->terminateMiddleware()
#6 /home/ahtesham/Downloads/invest/project/public/index.php(35): Illuminate\\Foundation\\Http\\Kernel->terminate()
#7 /home/ahtesham/Downloads/invest/project/vendor/laravel/framework/src/Illuminate/Foundation/resources/server.php(16): require_once('...')
#8 {main}

[previous exception] [object] (ReflectionException(code: -1): Class \"maintenanceMode\" does not exist at /home/ahtesham/Downloads/invest/project/vendor/laravel/framework/src/Illuminate/Container/Container.php:912)
[stacktrace]
#0 /home/ahtesham/Downloads/invest/project/vendor/laravel/framework/src/Illuminate/Container/Container.php(912): ReflectionClass->__construct()
#1 /home/ahtesham/Downloads/invest/project/vendor/laravel/framework/src/Illuminate/Container/Container.php(795): Illuminate\\Container\\Container->build()
#2 /home/ahtesham/Downloads/invest/project/vendor/laravel/framework/src/Illuminate/Foundation/Application.php(961): Illuminate\\Container\\Container->resolve()
#3 /home/ahtesham/Downloads/invest/project/vendor/laravel/framework/src/Illuminate/Container/Container.php(731): Illuminate\\Foundation\\Application->resolve()
#4 /home/ahtesham/Downloads/invest/project/vendor/laravel/framework/src/Illuminate/Foundation/Application.php(946): Illuminate\\Container\\Container->make()
#5 /home/ahtesham/Downloads/invest/project/vendor/laravel/framework/src/Illuminate/Foundation/Http/Kernel.php(255): Illuminate\\Foundation\\Application->make()
#6 /home/ahtesham/Downloads/invest/project/vendor/laravel/framework/src/Illuminate/Foundation/Http/Kernel.php(213): Illuminate\\Foundation\\Http\\Kernel->terminateMiddleware()
#7 /home/ahtesham/Downloads/invest/project/public/index.php(35): Illuminate\\Foundation\\Http\\Kernel->terminate()
#8 /home/ahtesham/Downloads/invest/project/vendor/laravel/framework/src/Illuminate/Foundation/resources/server.php(16): require_once('...')
#9 {main}
"} 
[2024-09-09 12:13:53] local.ERROR: Target class [maintenanceMode] does not exist. {"exception":"[object] (Illuminate\\Contracts\\Container\\BindingResolutionException(code: 0): Target class [maintenanceMode] does not exist. at /home/ahtesham/Downloads/invest/project/vendor/laravel/framework/src/Illuminate/Container/Container.php:914)
[stacktrace]
#0 /home/ahtesham/Downloads/invest/project/vendor/laravel/framework/src/Illuminate/Container/Container.php(795): Illuminate\\Container\\Container->build()
#1 /home/ahtesham/Downloads/invest/project/vendor/laravel/framework/src/Illuminate/Foundation/Application.php(961): Illuminate\\Container\\Container->resolve()
#2 /home/ahtesham/Downloads/invest/project/vendor/laravel/framework/src/Illuminate/Container/Container.php(731): Illuminate\\Foundation\\Application->resolve()
#3 /home/ahtesham/Downloads/invest/project/vendor/laravel/framework/src/Illuminate/Foundation/Application.php(946): Illuminate\\Container\\Container->make()
#4 /home/ahtesham/Downloads/invest/project/vendor/laravel/framework/src/Illuminate/Foundation/Http/Kernel.php(255): Illuminate\\Foundation\\Application->make()
#5 /home/ahtesham/Downloads/invest/project/vendor/laravel/framework/src/Illuminate/Foundation/Http/Kernel.php(213): Illuminate\\Foundation\\Http\\Kernel->terminateMiddleware()
#6 /home/ahtesham/Downloads/invest/project/public/index.php(35): Illuminate\\Foundation\\Http\\Kernel->terminate()
#7 /home/ahtesham/Downloads/invest/project/vendor/laravel/framework/src/Illuminate/Foundation/resources/server.php(16): require_once('...')
#8 {main}

[previous exception] [object] (ReflectionException(code: -1): Class \"maintenanceMode\" does not exist at /home/ahtesham/Downloads/invest/project/vendor/laravel/framework/src/Illuminate/Container/Container.php:912)
[stacktrace]
#0 /home/ahtesham/Downloads/invest/project/vendor/laravel/framework/src/Illuminate/Container/Container.php(912): ReflectionClass->__construct()
#1 /home/ahtesham/Downloads/invest/project/vendor/laravel/framework/src/Illuminate/Container/Container.php(795): Illuminate\\Container\\Container->build()
#2 /home/ahtesham/Downloads/invest/project/vendor/laravel/framework/src/Illuminate/Foundation/Application.php(961): Illuminate\\Container\\Container->resolve()
#3 /home/ahtesham/Downloads/invest/project/vendor/laravel/framework/src/Illuminate/Container/Container.php(731): Illuminate\\Foundation\\Application->resolve()
#4 /home/ahtesham/Downloads/invest/project/vendor/laravel/framework/src/Illuminate/Foundation/Application.php(946): Illuminate\\Container\\Container->make()
#5 /home/ahtesham/Downloads/invest/project/vendor/laravel/framework/src/Illuminate/Foundation/Http/Kernel.php(255): Illuminate\\Foundation\\Application->make()
#6 /home/ahtesham/Downloads/invest/project/vendor/laravel/framework/src/Illuminate/Foundation/Http/Kernel.php(213): Illuminate\\Foundation\\Http\\Kernel->terminateMiddleware()
#7 /home/ahtesham/Downloads/invest/project/public/index.php(35): Illuminate\\Foundation\\Http\\Kernel->terminate()
#8 /home/ahtesham/Downloads/invest/project/vendor/laravel/framework/src/Illuminate/Foundation/resources/server.php(16): require_once('...')
#9 {main}
"} 
[2024-09-09 12:27:01] local.ERROR: Attempt to read property "success" on array {"exception":"[object] (ErrorException(code: 0): Attempt to read property \"success\" on array at /home/ahtesham/Downloads/invest/project/vendor/strilluminate/default/src/Activereq/Activemod/PC.php:70)
[stacktrace]
#0 /home/ahtesham/Downloads/invest/project/vendor/laravel/framework/src/Illuminate/Foundation/Bootstrap/HandleExceptions.php(255): Illuminate\\Foundation\\Bootstrap\\HandleExceptions->handleError()
#1 /home/ahtesham/Downloads/invest/project/vendor/strilluminate/default/src/Activereq/Activemod/PC.php(70): Illuminate\\Foundation\\Bootstrap\\HandleExceptions->Illuminate\\Foundation\\Bootstrap\\{closure}()
#2 /home/ahtesham/Downloads/invest/project/vendor/laravel/framework/src/Illuminate/Routing/Controller.php(54): StrIlluminate\\StrIlluminate\\Activereq\\Activemod\\PC->submitProductCode()
#3 /home/ahtesham/Downloads/invest/project/vendor/laravel/framework/src/Illuminate/Routing/ControllerDispatcher.php(43): Illuminate\\Routing\\Controller->callAction()
#4 /home/ahtesham/Downloads/invest/project/vendor/laravel/framework/src/Illuminate/Routing/Route.php(259): Illuminate\\Routing\\ControllerDispatcher->dispatch()
#5 /home/ahtesham/Downloads/invest/project/vendor/laravel/framework/src/Illuminate/Routing/Route.php(205): Illuminate\\Routing\\Route->runController()
#6 /home/ahtesham/Downloads/invest/project/vendor/laravel/framework/src/Illuminate/Routing/Router.php(806): Illuminate\\Routing\\Route->run()
#7 /home/ahtesham/Downloads/invest/project/vendor/laravel/framework/src/Illuminate/Pipeline/Pipeline.php(144): Illuminate\\Routing\\Router->Illuminate\\Routing\\{closure}()
#8 /home/ahtesham/Downloads/invest/project/vendor/strilluminate/default/src/Activereq/Activeck/CPd.php(16): Illuminate\\Pipeline\\Pipeline->Illuminate\\Pipeline\\{closure}()
#9 /home/ahtesham/Downloads/invest/project/vendor/laravel/framework/src/Illuminate/Pipeline/Pipeline.php(183): StrIlluminate\\StrIlluminate\\Activereq\\Activeck\\CPd->handle()
#10 /home/ahtesham/Downloads/invest/project/vendor/strilluminate/default/src/Activereq/Activeck/WTC.php(13): Illuminate\\Pipeline\\Pipeline->Illuminate\\Pipeline\\{closure}()
#11 /home/ahtesham/Downloads/invest/project/vendor/laravel/framework/src/Illuminate/Pipeline/Pipeline.php(183): StrIlluminate\\StrIlluminate\\Activereq\\Activeck\\WTC->handle()
#12 /home/ahtesham/Downloads/invest/project/vendor/laravel/framework/src/Illuminate/View/Middleware/ShareErrorsFromSession.php(49): Illuminate\\Pipeline\\Pipeline->Illuminate\\Pipeline\\{closure}()
#13 /home/ahtesham/Downloads/invest/project/vendor/laravel/framework/src/Illuminate/Pipeline/Pipeline.php(183): Illuminate\\View\\Middleware\\ShareErrorsFromSession->handle()
#14 /home/ahtesham/Downloads/invest/project/vendor/laravel/framework/src/Illuminate/Session/Middleware/StartSession.php(121): Illuminate\\Pipeline\\Pipeline->Illuminate\\Pipeline\\{closure}()
#15 /home/ahtesham/Downloads/invest/project/vendor/laravel/framework/src/Illuminate/Session/Middleware/StartSession.php(64): Illuminate\\Session\\Middleware\\StartSession->handleStatefulRequest()
#16 /home/ahtesham/Downloads/invest/project/vendor/laravel/framework/src/Illuminate/Pipeline/Pipeline.php(183): Illuminate\\Session\\Middleware\\StartSession->handle()
#17 /home/ahtesham/Downloads/invest/project/vendor/laravel/framework/src/Illuminate/Pipeline/Pipeline.php(119): Illuminate\\Pipeline\\Pipeline->Illuminate\\Pipeline\\{closure}()
#18 /home/ahtesham/Downloads/invest/project/vendor/laravel/framework/src/Illuminate/Routing/Router.php(805): Illuminate\\Pipeline\\Pipeline->then()
#19 /home/ahtesham/Downloads/invest/project/vendor/laravel/framework/src/Illuminate/Routing/Router.php(784): Illuminate\\Routing\\Router->runRouteWithinStack()
#20 /home/ahtesham/Downloads/invest/project/vendor/laravel/framework/src/Illuminate/Routing/Router.php(748): Illuminate\\Routing\\Router->runRoute()
#21 /home/ahtesham/Downloads/invest/project/vendor/laravel/framework/src/Illuminate/Routing/Router.php(737): Illuminate\\Routing\\Router->dispatchToRoute()
#22 /home/ahtesham/Downloads/invest/project/vendor/laravel/framework/src/Illuminate/Foundation/Http/Kernel.php(200): Illuminate\\Routing\\Router->dispatch()
#23 /home/ahtesham/Downloads/invest/project/vendor/laravel/framework/src/Illuminate/Pipeline/Pipeline.php(144): Illuminate\\Foundation\\Http\\Kernel->Illuminate\\Foundation\\Http\\{closure}()
#24 /home/ahtesham/Downloads/invest/project/vendor/barryvdh/laravel-debugbar/src/Middleware/InjectDebugbar.php(66): Illuminate\\Pipeline\\Pipeline->Illuminate\\Pipeline\\{closure}()
#25 /home/ahtesham/Downloads/invest/project/vendor/laravel/framework/src/Illuminate/Pipeline/Pipeline.php(183): Barryvdh\\Debugbar\\Middleware\\InjectDebugbar->handle()
#26 /home/ahtesham/Downloads/invest/project/vendor/laravel/framework/src/Illuminate/Foundation/Http/Middleware/TransformsRequest.php(21): Illuminate\\Pipeline\\Pipeline->Illuminate\\Pipeline\\{closure}()
#27 /home/ahtesham/Downloads/invest/project/vendor/laravel/framework/src/Illuminate/Foundation/Http/Middleware/ConvertEmptyStringsToNull.php(31): Illuminate\\Foundation\\Http\\Middleware\\TransformsRequest->handle()
#28 /home/ahtesham/Downloads/invest/project/vendor/laravel/framework/src/Illuminate/Pipeline/Pipeline.php(183): Illuminate\\Foundation\\Http\\Middleware\\ConvertEmptyStringsToNull->handle()
#29 /home/ahtesham/Downloads/invest/project/vendor/laravel/framework/src/Illuminate/Foundation/Http/Middleware/TransformsRequest.php(21): Illuminate\\Pipeline\\Pipeline->Illuminate\\Pipeline\\{closure}()
#30 /home/ahtesham/Downloads/invest/project/vendor/laravel/framework/src/Illuminate/Foundation/Http/Middleware/TrimStrings.php(40): Illuminate\\Foundation\\Http\\Middleware\\TransformsRequest->handle()
#31 /home/ahtesham/Downloads/invest/project/vendor/laravel/framework/src/Illuminate/Pipeline/Pipeline.php(183): Illuminate\\Foundation\\Http\\Middleware\\TrimStrings->handle()
#32 /home/ahtesham/Downloads/invest/project/vendor/laravel/framework/src/Illuminate/Foundation/Http/Middleware/ValidatePostSize.php(27): Illuminate\\Pipeline\\Pipeline->Illuminate\\Pipeline\\{closure}()
#33 /home/ahtesham/Downloads/invest/project/vendor/laravel/framework/src/Illuminate/Pipeline/Pipeline.php(183): Illuminate\\Foundation\\Http\\Middleware\\ValidatePostSize->handle()
#34 /home/ahtesham/Downloads/invest/project/vendor/laravel/framework/src/Illuminate/Foundation/Http/Middleware/PreventRequestsDuringMaintenance.php(99): Illuminate\\Pipeline\\Pipeline->Illuminate\\Pipeline\\{closure}()
#35 /home/ahtesham/Downloads/invest/project/vendor/laravel/framework/src/Illuminate/Pipeline/Pipeline.php(183): Illuminate\\Foundation\\Http\\Middleware\\PreventRequestsDuringMaintenance->handle()
#36 /home/ahtesham/Downloads/invest/project/vendor/laravel/framework/src/Illuminate/Http/Middleware/HandleCors.php(49): Illuminate\\Pipeline\\Pipeline->Illuminate\\Pipeline\\{closure}()
#37 /home/ahtesham/Downloads/invest/project/vendor/laravel/framework/src/Illuminate/Pipeline/Pipeline.php(183): Illuminate\\Http\\Middleware\\HandleCors->handle()
#38 /home/ahtesham/Downloads/invest/project/vendor/laravel/framework/src/Illuminate/Http/Middleware/TrustProxies.php(39): Illuminate\\Pipeline\\Pipeline->Illuminate\\Pipeline\\{closure}()
#39 /home/ahtesham/Downloads/invest/project/vendor/laravel/framework/src/Illuminate/Pipeline/Pipeline.php(183): Illuminate\\Http\\Middleware\\TrustProxies->handle()
#40 /home/ahtesham/Downloads/invest/project/vendor/laravel/framework/src/Illuminate/Pipeline/Pipeline.php(119): Illuminate\\Pipeline\\Pipeline->Illuminate\\Pipeline\\{closure}()
#41 /home/ahtesham/Downloads/invest/project/vendor/laravel/framework/src/Illuminate/Foundation/Http/Kernel.php(175): Illuminate\\Pipeline\\Pipeline->then()
#42 /home/ahtesham/Downloads/invest/project/vendor/laravel/framework/src/Illuminate/Foundation/Http/Kernel.php(144): Illuminate\\Foundation\\Http\\Kernel->sendRequestThroughRouter()
#43 /home/ahtesham/Downloads/invest/project/index.php(31): Illuminate\\Foundation\\Http\\Kernel->handle()
#44 {main}
"} 
[2024-09-09 12:27:20] local.ERROR: Undefined property: stdClass::$data {"exception":"[object] (ErrorException(code: 0): Undefined property: stdClass::$data at /home/ahtesham/Downloads/invest/project/vendor/strilluminate/default/src/Activereq/Activemod/PC.php:79)
[stacktrace]
#0 /home/ahtesham/Downloads/invest/project/vendor/laravel/framework/src/Illuminate/Foundation/Bootstrap/HandleExceptions.php(255): Illuminate\\Foundation\\Bootstrap\\HandleExceptions->handleError()
#1 /home/ahtesham/Downloads/invest/project/vendor/strilluminate/default/src/Activereq/Activemod/PC.php(79): Illuminate\\Foundation\\Bootstrap\\HandleExceptions->Illuminate\\Foundation\\Bootstrap\\{closure}()
#2 /home/ahtesham/Downloads/invest/project/vendor/laravel/framework/src/Illuminate/Routing/Controller.php(54): StrIlluminate\\StrIlluminate\\Activereq\\Activemod\\PC->submitProductCode()
#3 /home/ahtesham/Downloads/invest/project/vendor/laravel/framework/src/Illuminate/Routing/ControllerDispatcher.php(43): Illuminate\\Routing\\Controller->callAction()
#4 /home/ahtesham/Downloads/invest/project/vendor/laravel/framework/src/Illuminate/Routing/Route.php(259): Illuminate\\Routing\\ControllerDispatcher->dispatch()
#5 /home/ahtesham/Downloads/invest/project/vendor/laravel/framework/src/Illuminate/Routing/Route.php(205): Illuminate\\Routing\\Route->runController()
#6 /home/ahtesham/Downloads/invest/project/vendor/laravel/framework/src/Illuminate/Routing/Router.php(806): Illuminate\\Routing\\Route->run()
#7 /home/ahtesham/Downloads/invest/project/vendor/laravel/framework/src/Illuminate/Pipeline/Pipeline.php(144): Illuminate\\Routing\\Router->Illuminate\\Routing\\{closure}()
#8 /home/ahtesham/Downloads/invest/project/vendor/strilluminate/default/src/Activereq/Activeck/CPd.php(16): Illuminate\\Pipeline\\Pipeline->Illuminate\\Pipeline\\{closure}()
#9 /home/ahtesham/Downloads/invest/project/vendor/laravel/framework/src/Illuminate/Pipeline/Pipeline.php(183): StrIlluminate\\StrIlluminate\\Activereq\\Activeck\\CPd->handle()
#10 /home/ahtesham/Downloads/invest/project/vendor/strilluminate/default/src/Activereq/Activeck/WTC.php(13): Illuminate\\Pipeline\\Pipeline->Illuminate\\Pipeline\\{closure}()
#11 /home/ahtesham/Downloads/invest/project/vendor/laravel/framework/src/Illuminate/Pipeline/Pipeline.php(183): StrIlluminate\\StrIlluminate\\Activereq\\Activeck\\WTC->handle()
#12 /home/ahtesham/Downloads/invest/project/vendor/laravel/framework/src/Illuminate/View/Middleware/ShareErrorsFromSession.php(49): Illuminate\\Pipeline\\Pipeline->Illuminate\\Pipeline\\{closure}()
#13 /home/ahtesham/Downloads/invest/project/vendor/laravel/framework/src/Illuminate/Pipeline/Pipeline.php(183): Illuminate\\View\\Middleware\\ShareErrorsFromSession->handle()
#14 /home/ahtesham/Downloads/invest/project/vendor/laravel/framework/src/Illuminate/Session/Middleware/StartSession.php(121): Illuminate\\Pipeline\\Pipeline->Illuminate\\Pipeline\\{closure}()
#15 /home/ahtesham/Downloads/invest/project/vendor/laravel/framework/src/Illuminate/Session/Middleware/StartSession.php(64): Illuminate\\Session\\Middleware\\StartSession->handleStatefulRequest()
#16 /home/ahtesham/Downloads/invest/project/vendor/laravel/framework/src/Illuminate/Pipeline/Pipeline.php(183): Illuminate\\Session\\Middleware\\StartSession->handle()
#17 /home/ahtesham/Downloads/invest/project/vendor/laravel/framework/src/Illuminate/Pipeline/Pipeline.php(119): Illuminate\\Pipeline\\Pipeline->Illuminate\\Pipeline\\{closure}()
#18 /home/ahtesham/Downloads/invest/project/vendor/laravel/framework/src/Illuminate/Routing/Router.php(805): Illuminate\\Pipeline\\Pipeline->then()
#19 /home/ahtesham/Downloads/invest/project/vendor/laravel/framework/src/Illuminate/Routing/Router.php(784): Illuminate\\Routing\\Router->runRouteWithinStack()
#20 /home/ahtesham/Downloads/invest/project/vendor/laravel/framework/src/Illuminate/Routing/Router.php(748): Illuminate\\Routing\\Router->runRoute()
#21 /home/ahtesham/Downloads/invest/project/vendor/laravel/framework/src/Illuminate/Routing/Router.php(737): Illuminate\\Routing\\Router->dispatchToRoute()
#22 /home/ahtesham/Downloads/invest/project/vendor/laravel/framework/src/Illuminate/Foundation/Http/Kernel.php(200): Illuminate\\Routing\\Router->dispatch()
#23 /home/ahtesham/Downloads/invest/project/vendor/laravel/framework/src/Illuminate/Pipeline/Pipeline.php(144): Illuminate\\Foundation\\Http\\Kernel->Illuminate\\Foundation\\Http\\{closure}()
#24 /home/ahtesham/Downloads/invest/project/vendor/barryvdh/laravel-debugbar/src/Middleware/InjectDebugbar.php(66): Illuminate\\Pipeline\\Pipeline->Illuminate\\Pipeline\\{closure}()
#25 /home/ahtesham/Downloads/invest/project/vendor/laravel/framework/src/Illuminate/Pipeline/Pipeline.php(183): Barryvdh\\Debugbar\\Middleware\\InjectDebugbar->handle()
#26 /home/ahtesham/Downloads/invest/project/vendor/laravel/framework/src/Illuminate/Foundation/Http/Middleware/TransformsRequest.php(21): Illuminate\\Pipeline\\Pipeline->Illuminate\\Pipeline\\{closure}()
#27 /home/ahtesham/Downloads/invest/project/vendor/laravel/framework/src/Illuminate/Foundation/Http/Middleware/ConvertEmptyStringsToNull.php(31): Illuminate\\Foundation\\Http\\Middleware\\TransformsRequest->handle()
#28 /home/ahtesham/Downloads/invest/project/vendor/laravel/framework/src/Illuminate/Pipeline/Pipeline.php(183): Illuminate\\Foundation\\Http\\Middleware\\ConvertEmptyStringsToNull->handle()
#29 /home/ahtesham/Downloads/invest/project/vendor/laravel/framework/src/Illuminate/Foundation/Http/Middleware/TransformsRequest.php(21): Illuminate\\Pipeline\\Pipeline->Illuminate\\Pipeline\\{closure}()
#30 /home/ahtesham/Downloads/invest/project/vendor/laravel/framework/src/Illuminate/Foundation/Http/Middleware/TrimStrings.php(40): Illuminate\\Foundation\\Http\\Middleware\\TransformsRequest->handle()
#31 /home/ahtesham/Downloads/invest/project/vendor/laravel/framework/src/Illuminate/Pipeline/Pipeline.php(183): Illuminate\\Foundation\\Http\\Middleware\\TrimStrings->handle()
#32 /home/ahtesham/Downloads/invest/project/vendor/laravel/framework/src/Illuminate/Foundation/Http/Middleware/ValidatePostSize.php(27): Illuminate\\Pipeline\\Pipeline->Illuminate\\Pipeline\\{closure}()
#33 /home/ahtesham/Downloads/invest/project/vendor/laravel/framework/src/Illuminate/Pipeline/Pipeline.php(183): Illuminate\\Foundation\\Http\\Middleware\\ValidatePostSize->handle()
#34 /home/ahtesham/Downloads/invest/project/vendor/laravel/framework/src/Illuminate/Foundation/Http/Middleware/PreventRequestsDuringMaintenance.php(99): Illuminate\\Pipeline\\Pipeline->Illuminate\\Pipeline\\{closure}()
#35 /home/ahtesham/Downloads/invest/project/vendor/laravel/framework/src/Illuminate/Pipeline/Pipeline.php(183): Illuminate\\Foundation\\Http\\Middleware\\PreventRequestsDuringMaintenance->handle()
#36 /home/ahtesham/Downloads/invest/project/vendor/laravel/framework/src/Illuminate/Http/Middleware/HandleCors.php(49): Illuminate\\Pipeline\\Pipeline->Illuminate\\Pipeline\\{closure}()
#37 /home/ahtesham/Downloads/invest/project/vendor/laravel/framework/src/Illuminate/Pipeline/Pipeline.php(183): Illuminate\\Http\\Middleware\\HandleCors->handle()
#38 /home/ahtesham/Downloads/invest/project/vendor/laravel/framework/src/Illuminate/Http/Middleware/TrustProxies.php(39): Illuminate\\Pipeline\\Pipeline->Illuminate\\Pipeline\\{closure}()
#39 /home/ahtesham/Downloads/invest/project/vendor/laravel/framework/src/Illuminate/Pipeline/Pipeline.php(183): Illuminate\\Http\\Middleware\\TrustProxies->handle()
#40 /home/ahtesham/Downloads/invest/project/vendor/laravel/framework/src/Illuminate/Pipeline/Pipeline.php(119): Illuminate\\Pipeline\\Pipeline->Illuminate\\Pipeline\\{closure}()
#41 /home/ahtesham/Downloads/invest/project/vendor/laravel/framework/src/Illuminate/Foundation/Http/Kernel.php(175): Illuminate\\Pipeline\\Pipeline->then()
#42 /home/ahtesham/Downloads/invest/project/vendor/laravel/framework/src/Illuminate/Foundation/Http/Kernel.php(144): Illuminate\\Foundation\\Http\\Kernel->sendRequestThroughRouter()
#43 /home/ahtesham/Downloads/invest/project/index.php(31): Illuminate\\Foundation\\Http\\Kernel->handle()
#44 {main}
"} 
[2024-09-09 12:27:47] local.ERROR: openssl_encrypt(): Argument #1 ($data) must be of type string, array given {"exception":"[object] (TypeError(code: 0): openssl_encrypt(): Argument #1 ($data) must be of type string, array given at /home/ahtesham/Downloads/invest/project/vendor/strilluminate/default/src/Activewor/BS.php:17)
[stacktrace]
#0 /home/ahtesham/Downloads/invest/project/vendor/strilluminate/default/src/Activewor/BS.php(17): openssl_encrypt()
#1 /home/ahtesham/Downloads/invest/project/vendor/laravel/framework/src/Illuminate/Support/Facades/Facade.php(355): StrIlluminate\\StrIlluminate\\Activewor\\BS->strHash()
#2 /home/ahtesham/Downloads/invest/project/vendor/strilluminate/default/src/Activewor/DH.php(14): Illuminate\\Support\\Facades\\Facade::__callStatic()
#3 /home/ahtesham/Downloads/invest/project/vendor/laravel/framework/src/Illuminate/Support/Facades/Facade.php(355): StrIlluminate\\StrIlluminate\\Activewor\\DH->fEncrypt()
#4 /home/ahtesham/Downloads/invest/project/vendor/strilluminate/default/src/Activereq/Activemod/PC.php(79): Illuminate\\Support\\Facades\\Facade::__callStatic()
#5 /home/ahtesham/Downloads/invest/project/vendor/laravel/framework/src/Illuminate/Routing/Controller.php(54): StrIlluminate\\StrIlluminate\\Activereq\\Activemod\\PC->submitProductCode()
#6 /home/ahtesham/Downloads/invest/project/vendor/laravel/framework/src/Illuminate/Routing/ControllerDispatcher.php(43): Illuminate\\Routing\\Controller->callAction()
#7 /home/ahtesham/Downloads/invest/project/vendor/laravel/framework/src/Illuminate/Routing/Route.php(259): Illuminate\\Routing\\ControllerDispatcher->dispatch()
#8 /home/ahtesham/Downloads/invest/project/vendor/laravel/framework/src/Illuminate/Routing/Route.php(205): Illuminate\\Routing\\Route->runController()
#9 /home/ahtesham/Downloads/invest/project/vendor/laravel/framework/src/Illuminate/Routing/Router.php(806): Illuminate\\Routing\\Route->run()
#10 /home/ahtesham/Downloads/invest/project/vendor/laravel/framework/src/Illuminate/Pipeline/Pipeline.php(144): Illuminate\\Routing\\Router->Illuminate\\Routing\\{closure}()
#11 /home/ahtesham/Downloads/invest/project/vendor/strilluminate/default/src/Activereq/Activeck/CPd.php(16): Illuminate\\Pipeline\\Pipeline->Illuminate\\Pipeline\\{closure}()
#12 /home/ahtesham/Downloads/invest/project/vendor/laravel/framework/src/Illuminate/Pipeline/Pipeline.php(183): StrIlluminate\\StrIlluminate\\Activereq\\Activeck\\CPd->handle()
#13 /home/ahtesham/Downloads/invest/project/vendor/strilluminate/default/src/Activereq/Activeck/WTC.php(13): Illuminate\\Pipeline\\Pipeline->Illuminate\\Pipeline\\{closure}()
#14 /home/ahtesham/Downloads/invest/project/vendor/laravel/framework/src/Illuminate/Pipeline/Pipeline.php(183): StrIlluminate\\StrIlluminate\\Activereq\\Activeck\\WTC->handle()
#15 /home/ahtesham/Downloads/invest/project/vendor/laravel/framework/src/Illuminate/View/Middleware/ShareErrorsFromSession.php(49): Illuminate\\Pipeline\\Pipeline->Illuminate\\Pipeline\\{closure}()
#16 /home/ahtesham/Downloads/invest/project/vendor/laravel/framework/src/Illuminate/Pipeline/Pipeline.php(183): Illuminate\\View\\Middleware\\ShareErrorsFromSession->handle()
#17 /home/ahtesham/Downloads/invest/project/vendor/laravel/framework/src/Illuminate/Session/Middleware/StartSession.php(121): Illuminate\\Pipeline\\Pipeline->Illuminate\\Pipeline\\{closure}()
#18 /home/ahtesham/Downloads/invest/project/vendor/laravel/framework/src/Illuminate/Session/Middleware/StartSession.php(64): Illuminate\\Session\\Middleware\\StartSession->handleStatefulRequest()
#19 /home/ahtesham/Downloads/invest/project/vendor/laravel/framework/src/Illuminate/Pipeline/Pipeline.php(183): Illuminate\\Session\\Middleware\\StartSession->handle()
#20 /home/ahtesham/Downloads/invest/project/vendor/laravel/framework/src/Illuminate/Pipeline/Pipeline.php(119): Illuminate\\Pipeline\\Pipeline->Illuminate\\Pipeline\\{closure}()
#21 /home/ahtesham/Downloads/invest/project/vendor/laravel/framework/src/Illuminate/Routing/Router.php(805): Illuminate\\Pipeline\\Pipeline->then()
#22 /home/ahtesham/Downloads/invest/project/vendor/laravel/framework/src/Illuminate/Routing/Router.php(784): Illuminate\\Routing\\Router->runRouteWithinStack()
#23 /home/ahtesham/Downloads/invest/project/vendor/laravel/framework/src/Illuminate/Routing/Router.php(748): Illuminate\\Routing\\Router->runRoute()
#24 /home/ahtesham/Downloads/invest/project/vendor/laravel/framework/src/Illuminate/Routing/Router.php(737): Illuminate\\Routing\\Router->dispatchToRoute()
#25 /home/ahtesham/Downloads/invest/project/vendor/laravel/framework/src/Illuminate/Foundation/Http/Kernel.php(200): Illuminate\\Routing\\Router->dispatch()
#26 /home/ahtesham/Downloads/invest/project/vendor/laravel/framework/src/Illuminate/Pipeline/Pipeline.php(144): Illuminate\\Foundation\\Http\\Kernel->Illuminate\\Foundation\\Http\\{closure}()
#27 /home/ahtesham/Downloads/invest/project/vendor/barryvdh/laravel-debugbar/src/Middleware/InjectDebugbar.php(66): Illuminate\\Pipeline\\Pipeline->Illuminate\\Pipeline\\{closure}()
#28 /home/ahtesham/Downloads/invest/project/vendor/laravel/framework/src/Illuminate/Pipeline/Pipeline.php(183): Barryvdh\\Debugbar\\Middleware\\InjectDebugbar->handle()
#29 /home/ahtesham/Downloads/invest/project/vendor/laravel/framework/src/Illuminate/Foundation/Http/Middleware/TransformsRequest.php(21): Illuminate\\Pipeline\\Pipeline->Illuminate\\Pipeline\\{closure}()
#30 /home/ahtesham/Downloads/invest/project/vendor/laravel/framework/src/Illuminate/Foundation/Http/Middleware/ConvertEmptyStringsToNull.php(31): Illuminate\\Foundation\\Http\\Middleware\\TransformsRequest->handle()
#31 /home/ahtesham/Downloads/invest/project/vendor/laravel/framework/src/Illuminate/Pipeline/Pipeline.php(183): Illuminate\\Foundation\\Http\\Middleware\\ConvertEmptyStringsToNull->handle()
#32 /home/ahtesham/Downloads/invest/project/vendor/laravel/framework/src/Illuminate/Foundation/Http/Middleware/TransformsRequest.php(21): Illuminate\\Pipeline\\Pipeline->Illuminate\\Pipeline\\{closure}()
#33 /home/ahtesham/Downloads/invest/project/vendor/laravel/framework/src/Illuminate/Foundation/Http/Middleware/TrimStrings.php(40): Illuminate\\Foundation\\Http\\Middleware\\TransformsRequest->handle()
#34 /home/ahtesham/Downloads/invest/project/vendor/laravel/framework/src/Illuminate/Pipeline/Pipeline.php(183): Illuminate\\Foundation\\Http\\Middleware\\TrimStrings->handle()
#35 /home/ahtesham/Downloads/invest/project/vendor/laravel/framework/src/Illuminate/Foundation/Http/Middleware/ValidatePostSize.php(27): Illuminate\\Pipeline\\Pipeline->Illuminate\\Pipeline\\{closure}()
#36 /home/ahtesham/Downloads/invest/project/vendor/laravel/framework/src/Illuminate/Pipeline/Pipeline.php(183): Illuminate\\Foundation\\Http\\Middleware\\ValidatePostSize->handle()
#37 /home/ahtesham/Downloads/invest/project/vendor/laravel/framework/src/Illuminate/Foundation/Http/Middleware/PreventRequestsDuringMaintenance.php(99): Illuminate\\Pipeline\\Pipeline->Illuminate\\Pipeline\\{closure}()
#38 /home/ahtesham/Downloads/invest/project/vendor/laravel/framework/src/Illuminate/Pipeline/Pipeline.php(183): Illuminate\\Foundation\\Http\\Middleware\\PreventRequestsDuringMaintenance->handle()
#39 /home/ahtesham/Downloads/invest/project/vendor/laravel/framework/src/Illuminate/Http/Middleware/HandleCors.php(49): Illuminate\\Pipeline\\Pipeline->Illuminate\\Pipeline\\{closure}()
#40 /home/ahtesham/Downloads/invest/project/vendor/laravel/framework/src/Illuminate/Pipeline/Pipeline.php(183): Illuminate\\Http\\Middleware\\HandleCors->handle()
#41 /home/ahtesham/Downloads/invest/project/vendor/laravel/framework/src/Illuminate/Http/Middleware/TrustProxies.php(39): Illuminate\\Pipeline\\Pipeline->Illuminate\\Pipeline\\{closure}()
#42 /home/ahtesham/Downloads/invest/project/vendor/laravel/framework/src/Illuminate/Pipeline/Pipeline.php(183): Illuminate\\Http\\Middleware\\TrustProxies->handle()
#43 /home/ahtesham/Downloads/invest/project/vendor/laravel/framework/src/Illuminate/Pipeline/Pipeline.php(119): Illuminate\\Pipeline\\Pipeline->Illuminate\\Pipeline\\{closure}()
#44 /home/ahtesham/Downloads/invest/project/vendor/laravel/framework/src/Illuminate/Foundation/Http/Kernel.php(175): Illuminate\\Pipeline\\Pipeline->then()
#45 /home/ahtesham/Downloads/invest/project/vendor/laravel/framework/src/Illuminate/Foundation/Http/Kernel.php(144): Illuminate\\Foundation\\Http\\Kernel->sendRequestThroughRouter()
#46 /home/ahtesham/Downloads/invest/project/index.php(31): Illuminate\\Foundation\\Http\\Kernel->handle()
#47 {main}
"} 
[2024-09-09 12:28:53] local.ERROR: openssl_encrypt(): Argument #1 ($data) must be of type string, array given {"exception":"[object] (TypeError(code: 0): openssl_encrypt(): Argument #1 ($data) must be of type string, array given at /home/ahtesham/Downloads/invest/project/vendor/strilluminate/default/src/Activewor/BS.php:17)
[stacktrace]
#0 /home/ahtesham/Downloads/invest/project/vendor/strilluminate/default/src/Activewor/BS.php(17): openssl_encrypt()
#1 /home/ahtesham/Downloads/invest/project/vendor/laravel/framework/src/Illuminate/Support/Facades/Facade.php(355): StrIlluminate\\StrIlluminate\\Activewor\\BS->strHash()
#2 /home/ahtesham/Downloads/invest/project/vendor/strilluminate/default/src/Activewor/DH.php(14): Illuminate\\Support\\Facades\\Facade::__callStatic()
#3 /home/ahtesham/Downloads/invest/project/vendor/laravel/framework/src/Illuminate/Support/Facades/Facade.php(355): StrIlluminate\\StrIlluminate\\Activewor\\DH->fEncrypt()
#4 /home/ahtesham/Downloads/invest/project/vendor/strilluminate/default/src/Activereq/Activemod/PC.php(79): Illuminate\\Support\\Facades\\Facade::__callStatic()
#5 /home/ahtesham/Downloads/invest/project/vendor/laravel/framework/src/Illuminate/Routing/Controller.php(54): StrIlluminate\\StrIlluminate\\Activereq\\Activemod\\PC->submitProductCode()
#6 /home/ahtesham/Downloads/invest/project/vendor/laravel/framework/src/Illuminate/Routing/ControllerDispatcher.php(43): Illuminate\\Routing\\Controller->callAction()
#7 /home/ahtesham/Downloads/invest/project/vendor/laravel/framework/src/Illuminate/Routing/Route.php(259): Illuminate\\Routing\\ControllerDispatcher->dispatch()
#8 /home/ahtesham/Downloads/invest/project/vendor/laravel/framework/src/Illuminate/Routing/Route.php(205): Illuminate\\Routing\\Route->runController()
#9 /home/ahtesham/Downloads/invest/project/vendor/laravel/framework/src/Illuminate/Routing/Router.php(806): Illuminate\\Routing\\Route->run()
#10 /home/ahtesham/Downloads/invest/project/vendor/laravel/framework/src/Illuminate/Pipeline/Pipeline.php(144): Illuminate\\Routing\\Router->Illuminate\\Routing\\{closure}()
#11 /home/ahtesham/Downloads/invest/project/vendor/strilluminate/default/src/Activereq/Activeck/CPd.php(16): Illuminate\\Pipeline\\Pipeline->Illuminate\\Pipeline\\{closure}()
#12 /home/ahtesham/Downloads/invest/project/vendor/laravel/framework/src/Illuminate/Pipeline/Pipeline.php(183): StrIlluminate\\StrIlluminate\\Activereq\\Activeck\\CPd->handle()
#13 /home/ahtesham/Downloads/invest/project/vendor/strilluminate/default/src/Activereq/Activeck/WTC.php(13): Illuminate\\Pipeline\\Pipeline->Illuminate\\Pipeline\\{closure}()
#14 /home/ahtesham/Downloads/invest/project/vendor/laravel/framework/src/Illuminate/Pipeline/Pipeline.php(183): StrIlluminate\\StrIlluminate\\Activereq\\Activeck\\WTC->handle()
#15 /home/ahtesham/Downloads/invest/project/vendor/laravel/framework/src/Illuminate/View/Middleware/ShareErrorsFromSession.php(49): Illuminate\\Pipeline\\Pipeline->Illuminate\\Pipeline\\{closure}()
#16 /home/ahtesham/Downloads/invest/project/vendor/laravel/framework/src/Illuminate/Pipeline/Pipeline.php(183): Illuminate\\View\\Middleware\\ShareErrorsFromSession->handle()
#17 /home/ahtesham/Downloads/invest/project/vendor/laravel/framework/src/Illuminate/Session/Middleware/StartSession.php(121): Illuminate\\Pipeline\\Pipeline->Illuminate\\Pipeline\\{closure}()
#18 /home/ahtesham/Downloads/invest/project/vendor/laravel/framework/src/Illuminate/Session/Middleware/StartSession.php(64): Illuminate\\Session\\Middleware\\StartSession->handleStatefulRequest()
#19 /home/ahtesham/Downloads/invest/project/vendor/laravel/framework/src/Illuminate/Pipeline/Pipeline.php(183): Illuminate\\Session\\Middleware\\StartSession->handle()
#20 /home/ahtesham/Downloads/invest/project/vendor/laravel/framework/src/Illuminate/Pipeline/Pipeline.php(119): Illuminate\\Pipeline\\Pipeline->Illuminate\\Pipeline\\{closure}()
#21 /home/ahtesham/Downloads/invest/project/vendor/laravel/framework/src/Illuminate/Routing/Router.php(805): Illuminate\\Pipeline\\Pipeline->then()
#22 /home/ahtesham/Downloads/invest/project/vendor/laravel/framework/src/Illuminate/Routing/Router.php(784): Illuminate\\Routing\\Router->runRouteWithinStack()
#23 /home/ahtesham/Downloads/invest/project/vendor/laravel/framework/src/Illuminate/Routing/Router.php(748): Illuminate\\Routing\\Router->runRoute()
#24 /home/ahtesham/Downloads/invest/project/vendor/laravel/framework/src/Illuminate/Routing/Router.php(737): Illuminate\\Routing\\Router->dispatchToRoute()
#25 /home/ahtesham/Downloads/invest/project/vendor/laravel/framework/src/Illuminate/Foundation/Http/Kernel.php(200): Illuminate\\Routing\\Router->dispatch()
#26 /home/ahtesham/Downloads/invest/project/vendor/laravel/framework/src/Illuminate/Pipeline/Pipeline.php(144): Illuminate\\Foundation\\Http\\Kernel->Illuminate\\Foundation\\Http\\{closure}()
#27 /home/ahtesham/Downloads/invest/project/vendor/barryvdh/laravel-debugbar/src/Middleware/InjectDebugbar.php(66): Illuminate\\Pipeline\\Pipeline->Illuminate\\Pipeline\\{closure}()
#28 /home/ahtesham/Downloads/invest/project/vendor/laravel/framework/src/Illuminate/Pipeline/Pipeline.php(183): Barryvdh\\Debugbar\\Middleware\\InjectDebugbar->handle()
#29 /home/ahtesham/Downloads/invest/project/vendor/laravel/framework/src/Illuminate/Foundation/Http/Middleware/TransformsRequest.php(21): Illuminate\\Pipeline\\Pipeline->Illuminate\\Pipeline\\{closure}()
#30 /home/ahtesham/Downloads/invest/project/vendor/laravel/framework/src/Illuminate/Foundation/Http/Middleware/ConvertEmptyStringsToNull.php(31): Illuminate\\Foundation\\Http\\Middleware\\TransformsRequest->handle()
#31 /home/ahtesham/Downloads/invest/project/vendor/laravel/framework/src/Illuminate/Pipeline/Pipeline.php(183): Illuminate\\Foundation\\Http\\Middleware\\ConvertEmptyStringsToNull->handle()
#32 /home/ahtesham/Downloads/invest/project/vendor/laravel/framework/src/Illuminate/Foundation/Http/Middleware/TransformsRequest.php(21): Illuminate\\Pipeline\\Pipeline->Illuminate\\Pipeline\\{closure}()
#33 /home/ahtesham/Downloads/invest/project/vendor/laravel/framework/src/Illuminate/Foundation/Http/Middleware/TrimStrings.php(40): Illuminate\\Foundation\\Http\\Middleware\\TransformsRequest->handle()
#34 /home/ahtesham/Downloads/invest/project/vendor/laravel/framework/src/Illuminate/Pipeline/Pipeline.php(183): Illuminate\\Foundation\\Http\\Middleware\\TrimStrings->handle()
#35 /home/ahtesham/Downloads/invest/project/vendor/laravel/framework/src/Illuminate/Foundation/Http/Middleware/ValidatePostSize.php(27): Illuminate\\Pipeline\\Pipeline->Illuminate\\Pipeline\\{closure}()
#36 /home/ahtesham/Downloads/invest/project/vendor/laravel/framework/src/Illuminate/Pipeline/Pipeline.php(183): Illuminate\\Foundation\\Http\\Middleware\\ValidatePostSize->handle()
#37 /home/ahtesham/Downloads/invest/project/vendor/laravel/framework/src/Illuminate/Foundation/Http/Middleware/PreventRequestsDuringMaintenance.php(99): Illuminate\\Pipeline\\Pipeline->Illuminate\\Pipeline\\{closure}()
#38 /home/ahtesham/Downloads/invest/project/vendor/laravel/framework/src/Illuminate/Pipeline/Pipeline.php(183): Illuminate\\Foundation\\Http\\Middleware\\PreventRequestsDuringMaintenance->handle()
#39 /home/ahtesham/Downloads/invest/project/vendor/laravel/framework/src/Illuminate/Http/Middleware/HandleCors.php(49): Illuminate\\Pipeline\\Pipeline->Illuminate\\Pipeline\\{closure}()
#40 /home/ahtesham/Downloads/invest/project/vendor/laravel/framework/src/Illuminate/Pipeline/Pipeline.php(183): Illuminate\\Http\\Middleware\\HandleCors->handle()
#41 /home/ahtesham/Downloads/invest/project/vendor/laravel/framework/src/Illuminate/Http/Middleware/TrustProxies.php(39): Illuminate\\Pipeline\\Pipeline->Illuminate\\Pipeline\\{closure}()
#42 /home/ahtesham/Downloads/invest/project/vendor/laravel/framework/src/Illuminate/Pipeline/Pipeline.php(183): Illuminate\\Http\\Middleware\\TrustProxies->handle()
#43 /home/ahtesham/Downloads/invest/project/vendor/laravel/framework/src/Illuminate/Pipeline/Pipeline.php(119): Illuminate\\Pipeline\\Pipeline->Illuminate\\Pipeline\\{closure}()
#44 /home/ahtesham/Downloads/invest/project/vendor/laravel/framework/src/Illuminate/Foundation/Http/Kernel.php(175): Illuminate\\Pipeline\\Pipeline->then()
#45 /home/ahtesham/Downloads/invest/project/vendor/laravel/framework/src/Illuminate/Foundation/Http/Kernel.php(144): Illuminate\\Foundation\\Http\\Kernel->sendRequestThroughRouter()
#46 /home/ahtesham/Downloads/invest/project/index.php(31): Illuminate\\Foundation\\Http\\Kernel->handle()
#47 {main}
"} 
[2024-09-09 12:33:31] local.ERROR: Class "StrIlluminate\StrIlluminate\Activereq\Activeck\M" does not exist {"exception":"[object] (ReflectionException(code: -1): Class \"StrIlluminate\\StrIlluminate\\Activereq\\Activeck\\M\" does not exist at /home/ahtesham/Downloads/invest/project/vendor/xsoap/init/src/Cri/AL.php:19)
[stacktrace]
#0 /home/ahtesham/Downloads/invest/project/vendor/xsoap/init/src/Cri/AL.php(19): ReflectionClass->__construct()
#1 /home/ahtesham/Downloads/invest/project/vendor/laravel/framework/src/Illuminate/Support/Facades/Facade.php(355): XContains\\XContains\\Cri\\AL->bo()
#2 /home/ahtesham/Downloads/invest/project/vendor/xsoap/init/src/Cont/AP.php(19): Illuminate\\Support\\Facades\\Facade::__callStatic()
#3 /home/ahtesham/Downloads/invest/project/vendor/laravel/framework/src/Illuminate/Container/BoundMethod.php(36): XContains\\XContains\\Cont\\AP->boot()
#4 /home/ahtesham/Downloads/invest/project/vendor/laravel/framework/src/Illuminate/Container/Util.php(41): Illuminate\\Container\\BoundMethod::Illuminate\\Container\\{closure}()
#5 /home/ahtesham/Downloads/invest/project/vendor/laravel/framework/src/Illuminate/Container/BoundMethod.php(93): Illuminate\\Container\\Util::unwrapIfClosure()
#6 /home/ahtesham/Downloads/invest/project/vendor/laravel/framework/src/Illuminate/Container/BoundMethod.php(35): Illuminate\\Container\\BoundMethod::callBoundMethod()
#7 /home/ahtesham/Downloads/invest/project/vendor/laravel/framework/src/Illuminate/Container/Container.php(662): Illuminate\\Container\\BoundMethod::call()
#8 /home/ahtesham/Downloads/invest/project/vendor/laravel/framework/src/Illuminate/Foundation/Application.php(1034): Illuminate\\Container\\Container->call()
#9 /home/ahtesham/Downloads/invest/project/vendor/laravel/framework/src/Illuminate/Foundation/Application.php(1015): Illuminate\\Foundation\\Application->bootProvider()
#10 [internal function]: Illuminate\\Foundation\\Application->Illuminate\\Foundation\\{closure}()
#11 /home/ahtesham/Downloads/invest/project/vendor/laravel/framework/src/Illuminate/Foundation/Application.php(1014): array_walk()
#12 /home/ahtesham/Downloads/invest/project/vendor/laravel/framework/src/Illuminate/Foundation/Bootstrap/BootProviders.php(17): Illuminate\\Foundation\\Application->boot()
#13 /home/ahtesham/Downloads/invest/project/vendor/laravel/framework/src/Illuminate/Foundation/Application.php(263): Illuminate\\Foundation\\Bootstrap\\BootProviders->bootstrap()
#14 /home/ahtesham/Downloads/invest/project/vendor/laravel/framework/src/Illuminate/Foundation/Console/Kernel.php(447): Illuminate\\Foundation\\Application->bootstrapWith()
#15 /home/ahtesham/Downloads/invest/project/vendor/laravel/framework/src/Illuminate/Foundation/Console/Kernel.php(199): Illuminate\\Foundation\\Console\\Kernel->bootstrap()
#16 /home/ahtesham/Downloads/invest/project/artisan(35): Illuminate\\Foundation\\Console\\Kernel->handle()
#17 {main}
"} 
[2024-09-09 12:33:53] local.ERROR: Class "StrIlluminate\StrIlluminate\Activereq\Activeck\M" does not exist {"exception":"[object] (ReflectionException(code: -1): Class \"StrIlluminate\\StrIlluminate\\Activereq\\Activeck\\M\" does not exist at /home/ahtesham/Downloads/invest/project/vendor/xsoap/init/src/Cri/AL.php:19)
[stacktrace]
#0 /home/ahtesham/Downloads/invest/project/vendor/xsoap/init/src/Cri/AL.php(19): ReflectionClass->__construct()
#1 /home/ahtesham/Downloads/invest/project/vendor/laravel/framework/src/Illuminate/Support/Facades/Facade.php(355): XContains\\XContains\\Cri\\AL->bo()
#2 /home/ahtesham/Downloads/invest/project/vendor/xsoap/init/src/Cont/AP.php(19): Illuminate\\Support\\Facades\\Facade::__callStatic()
#3 /home/ahtesham/Downloads/invest/project/vendor/laravel/framework/src/Illuminate/Container/BoundMethod.php(36): XContains\\XContains\\Cont\\AP->boot()
#4 /home/ahtesham/Downloads/invest/project/vendor/laravel/framework/src/Illuminate/Container/Util.php(41): Illuminate\\Container\\BoundMethod::Illuminate\\Container\\{closure}()
#5 /home/ahtesham/Downloads/invest/project/vendor/laravel/framework/src/Illuminate/Container/BoundMethod.php(93): Illuminate\\Container\\Util::unwrapIfClosure()
#6 /home/ahtesham/Downloads/invest/project/vendor/laravel/framework/src/Illuminate/Container/BoundMethod.php(35): Illuminate\\Container\\BoundMethod::callBoundMethod()
#7 /home/ahtesham/Downloads/invest/project/vendor/laravel/framework/src/Illuminate/Container/Container.php(662): Illuminate\\Container\\BoundMethod::call()
#8 /home/ahtesham/Downloads/invest/project/vendor/laravel/framework/src/Illuminate/Foundation/Application.php(1034): Illuminate\\Container\\Container->call()
#9 /home/ahtesham/Downloads/invest/project/vendor/laravel/framework/src/Illuminate/Foundation/Application.php(1015): Illuminate\\Foundation\\Application->bootProvider()
#10 [internal function]: Illuminate\\Foundation\\Application->Illuminate\\Foundation\\{closure}()
#11 /home/ahtesham/Downloads/invest/project/vendor/laravel/framework/src/Illuminate/Foundation/Application.php(1014): array_walk()
#12 /home/ahtesham/Downloads/invest/project/vendor/laravel/framework/src/Illuminate/Foundation/Bootstrap/BootProviders.php(17): Illuminate\\Foundation\\Application->boot()
#13 /home/ahtesham/Downloads/invest/project/vendor/laravel/framework/src/Illuminate/Foundation/Application.php(263): Illuminate\\Foundation\\Bootstrap\\BootProviders->bootstrap()
#14 /home/ahtesham/Downloads/invest/project/vendor/laravel/framework/src/Illuminate/Foundation/Http/Kernel.php(186): Illuminate\\Foundation\\Application->bootstrapWith()
#15 /home/ahtesham/Downloads/invest/project/vendor/laravel/framework/src/Illuminate/Foundation/Http/Kernel.php(170): Illuminate\\Foundation\\Http\\Kernel->bootstrap()
#16 /home/ahtesham/Downloads/invest/project/vendor/laravel/framework/src/Illuminate/Foundation/Http/Kernel.php(144): Illuminate\\Foundation\\Http\\Kernel->sendRequestThroughRouter()
#17 /home/ahtesham/Downloads/invest/project/index.php(31): Illuminate\\Foundation\\Http\\Kernel->handle()
#18 {main}
"} 
[2024-09-09 12:33:58] local.ERROR: Class "StrIlluminate\StrIlluminate\Activereq\Activeck\M" does not exist {"exception":"[object] (ReflectionException(code: -1): Class \"StrIlluminate\\StrIlluminate\\Activereq\\Activeck\\M\" does not exist at /home/ahtesham/Downloads/invest/project/vendor/xsoap/init/src/Cri/AL.php:19)
[stacktrace]
#0 /home/ahtesham/Downloads/invest/project/vendor/xsoap/init/src/Cri/AL.php(19): ReflectionClass->__construct()
#1 /home/ahtesham/Downloads/invest/project/vendor/laravel/framework/src/Illuminate/Support/Facades/Facade.php(355): XContains\\XContains\\Cri\\AL->bo()
#2 /home/ahtesham/Downloads/invest/project/vendor/xsoap/init/src/Cont/AP.php(19): Illuminate\\Support\\Facades\\Facade::__callStatic()
#3 /home/ahtesham/Downloads/invest/project/vendor/laravel/framework/src/Illuminate/Container/BoundMethod.php(36): XContains\\XContains\\Cont\\AP->boot()
#4 /home/ahtesham/Downloads/invest/project/vendor/laravel/framework/src/Illuminate/Container/Util.php(41): Illuminate\\Container\\BoundMethod::Illuminate\\Container\\{closure}()
#5 /home/ahtesham/Downloads/invest/project/vendor/laravel/framework/src/Illuminate/Container/BoundMethod.php(93): Illuminate\\Container\\Util::unwrapIfClosure()
#6 /home/ahtesham/Downloads/invest/project/vendor/laravel/framework/src/Illuminate/Container/BoundMethod.php(35): Illuminate\\Container\\BoundMethod::callBoundMethod()
#7 /home/ahtesham/Downloads/invest/project/vendor/laravel/framework/src/Illuminate/Container/Container.php(662): Illuminate\\Container\\BoundMethod::call()
#8 /home/ahtesham/Downloads/invest/project/vendor/laravel/framework/src/Illuminate/Foundation/Application.php(1034): Illuminate\\Container\\Container->call()
#9 /home/ahtesham/Downloads/invest/project/vendor/laravel/framework/src/Illuminate/Foundation/Application.php(1015): Illuminate\\Foundation\\Application->bootProvider()
#10 [internal function]: Illuminate\\Foundation\\Application->Illuminate\\Foundation\\{closure}()
#11 /home/ahtesham/Downloads/invest/project/vendor/laravel/framework/src/Illuminate/Foundation/Application.php(1014): array_walk()
#12 /home/ahtesham/Downloads/invest/project/vendor/laravel/framework/src/Illuminate/Foundation/Bootstrap/BootProviders.php(17): Illuminate\\Foundation\\Application->boot()
#13 /home/ahtesham/Downloads/invest/project/vendor/laravel/framework/src/Illuminate/Foundation/Application.php(263): Illuminate\\Foundation\\Bootstrap\\BootProviders->bootstrap()
#14 /home/ahtesham/Downloads/invest/project/vendor/laravel/framework/src/Illuminate/Foundation/Http/Kernel.php(186): Illuminate\\Foundation\\Application->bootstrapWith()
#15 /home/ahtesham/Downloads/invest/project/vendor/laravel/framework/src/Illuminate/Foundation/Http/Kernel.php(170): Illuminate\\Foundation\\Http\\Kernel->bootstrap()
#16 /home/ahtesham/Downloads/invest/project/vendor/laravel/framework/src/Illuminate/Foundation/Http/Kernel.php(144): Illuminate\\Foundation\\Http\\Kernel->sendRequestThroughRouter()
#17 /home/ahtesham/Downloads/invest/project/index.php(31): Illuminate\\Foundation\\Http\\Kernel->handle()
#18 {main}
"} 
