[2024-09-09 11:35:03] local.ERROR: Database connection [mariadb] not configured. {"exception":"[object] (InvalidArgumentException(code: 0): Database connection [mariadb] not configured. at /home/ahtesham/Downloads/invest/project/vendor/laravel/framework/src/Illuminate/Database/DatabaseManager.php:196)
[stacktrace]
#0 /home/ahtesham/Downloads/invest/project/vendor/laravel/framework/src/Illuminate/Database/DatabaseManager.php(159): Illuminate\\Database\\DatabaseManager->configuration()
#1 /home/ahtesham/Downloads/invest/project/vendor/laravel/framework/src/Illuminate/Database/DatabaseManager.php(101): Illuminate\\Database\\DatabaseManager->makeConnection()
#2 /home/ahtesham/Downloads/invest/project/vendor/laravel/framework/src/Illuminate/Session/SessionManager.php(108): Illuminate\\Database\\DatabaseManager->connection()
#3 /home/ahtesham/Downloads/invest/project/vendor/laravel/framework/src/Illuminate/Session/SessionManager.php(95): Illuminate\\Session\\SessionManager->getDatabaseConnection()
#4 /home/ahtesham/Downloads/invest/project/vendor/laravel/framework/src/Illuminate/Support/Manager.php(106): Illuminate\\Session\\SessionManager->createDatabaseDriver()
#5 /home/ahtesham/Downloads/invest/project/vendor/laravel/framework/src/Illuminate/Support/Manager.php(80): Illuminate\\Support\\Manager->createDriver()
#6 /home/ahtesham/Downloads/invest/project/vendor/laravel/framework/src/Illuminate/Support/Manager.php(191): Illuminate\\Support\\Manager->driver()
#7 /home/ahtesham/Downloads/invest/project/app/Helpers/helpers.php(117): Illuminate\\Support\\Manager->__call()
#8 /home/ahtesham/Downloads/invest/project/routes/admin.php(67): basicControl()
#9 /home/ahtesham/Downloads/invest/project/vendor/laravel/framework/src/Illuminate/Routing/RouteFileRegistrar.php(35): require('...')
#10 /home/ahtesham/Downloads/invest/project/vendor/laravel/framework/src/Illuminate/Routing/Router.php(511): Illuminate\\Routing\\RouteFileRegistrar->register()
#11 /home/ahtesham/Downloads/invest/project/vendor/laravel/framework/src/Illuminate/Routing/Router.php(465): Illuminate\\Routing\\Router->loadRoutes()
#12 /home/ahtesham/Downloads/invest/project/vendor/laravel/framework/src/Illuminate/Routing/RouteRegistrar.php(194): Illuminate\\Routing\\Router->group()
#13 /home/ahtesham/Downloads/invest/project/app/Providers/RouteServiceProvider.php(39): Illuminate\\Routing\\RouteRegistrar->group()
#14 /home/ahtesham/Downloads/invest/project/vendor/laravel/framework/src/Illuminate/Container/BoundMethod.php(36): App\\Providers\\RouteServiceProvider->App\\Providers\\{closure}()
#15 /home/ahtesham/Downloads/invest/project/vendor/laravel/framework/src/Illuminate/Container/Util.php(41): Illuminate\\Container\\BoundMethod::Illuminate\\Container\\{closure}()
#16 /home/ahtesham/Downloads/invest/project/vendor/laravel/framework/src/Illuminate/Container/BoundMethod.php(81): Illuminate\\Container\\Util::unwrapIfClosure()
#17 /home/ahtesham/Downloads/invest/project/vendor/laravel/framework/src/Illuminate/Container/BoundMethod.php(35): Illuminate\\Container\\BoundMethod::callBoundMethod()
#18 /home/ahtesham/Downloads/invest/project/vendor/laravel/framework/src/Illuminate/Container/Container.php(662): Illuminate\\Container\\BoundMethod::call()
#19 /home/ahtesham/Downloads/invest/project/vendor/laravel/framework/src/Illuminate/Foundation/Support/Providers/RouteServiceProvider.php(120): Illuminate\\Container\\Container->call()
#20 /home/ahtesham/Downloads/invest/project/vendor/laravel/framework/src/Illuminate/Foundation/Support/Providers/RouteServiceProvider.php(45): Illuminate\\Foundation\\Support\\Providers\\RouteServiceProvider->loadRoutes()
#21 /home/ahtesham/Downloads/invest/project/vendor/laravel/framework/src/Illuminate/Container/BoundMethod.php(36): Illuminate\\Foundation\\Support\\Providers\\RouteServiceProvider->Illuminate\\Foundation\\Support\\Providers\\{closure}()
#22 /home/ahtesham/Downloads/invest/project/vendor/laravel/framework/src/Illuminate/Container/Util.php(41): Illuminate\\Container\\BoundMethod::Illuminate\\Container\\{closure}()
#23 /home/ahtesham/Downloads/invest/project/vendor/laravel/framework/src/Illuminate/Container/BoundMethod.php(81): Illuminate\\Container\\Util::unwrapIfClosure()
#24 /home/ahtesham/Downloads/invest/project/vendor/laravel/framework/src/Illuminate/Container/BoundMethod.php(35): Illuminate\\Container\\BoundMethod::callBoundMethod()
#25 /home/ahtesham/Downloads/invest/project/vendor/laravel/framework/src/Illuminate/Container/Container.php(662): Illuminate\\Container\\BoundMethod::call()
#26 /home/ahtesham/Downloads/invest/project/vendor/laravel/framework/src/Illuminate/Support/ServiceProvider.php(119): Illuminate\\Container\\Container->call()
#27 /home/ahtesham/Downloads/invest/project/vendor/laravel/framework/src/Illuminate/Foundation/Application.php(1037): Illuminate\\Support\\ServiceProvider->callBootedCallbacks()
#28 /home/ahtesham/Downloads/invest/project/vendor/laravel/framework/src/Illuminate/Foundation/Application.php(1015): Illuminate\\Foundation\\Application->bootProvider()
#29 [internal function]: Illuminate\\Foundation\\Application->Illuminate\\Foundation\\{closure}()
#30 /home/ahtesham/Downloads/invest/project/vendor/laravel/framework/src/Illuminate/Foundation/Application.php(1014): array_walk()
#31 /home/ahtesham/Downloads/invest/project/vendor/laravel/framework/src/Illuminate/Foundation/Bootstrap/BootProviders.php(17): Illuminate\\Foundation\\Application->boot()
#32 /home/ahtesham/Downloads/invest/project/vendor/laravel/framework/src/Illuminate/Foundation/Application.php(263): Illuminate\\Foundation\\Bootstrap\\BootProviders->bootstrap()
#33 /home/ahtesham/Downloads/invest/project/vendor/laravel/framework/src/Illuminate/Foundation/Console/Kernel.php(447): Illuminate\\Foundation\\Application->bootstrapWith()
#34 /home/ahtesham/Downloads/invest/project/vendor/laravel/framework/src/Illuminate/Foundation/Console/Kernel.php(199): Illuminate\\Foundation\\Console\\Kernel->bootstrap()
#35 Command line code(1): Illuminate\\Foundation\\Console\\Kernel->handle()
#36 {main}
"} 
[2024-09-09 11:35:03] local.ERROR: Database connection [mariadb] not configured. {"exception":"[object] (InvalidArgumentException(code: 0): Database connection [mariadb] not configured. at /home/ahtesham/Downloads/invest/project/vendor/laravel/framework/src/Illuminate/Database/DatabaseManager.php:196)
[stacktrace]
#0 /home/ahtesham/Downloads/invest/project/vendor/laravel/framework/src/Illuminate/Database/DatabaseManager.php(159): Illuminate\\Database\\DatabaseManager->configuration()
#1 /home/ahtesham/Downloads/invest/project/vendor/laravel/framework/src/Illuminate/Database/DatabaseManager.php(101): Illuminate\\Database\\DatabaseManager->makeConnection()
#2 /home/ahtesham/Downloads/invest/project/vendor/laravel/framework/src/Illuminate/Session/SessionManager.php(108): Illuminate\\Database\\DatabaseManager->connection()
#3 /home/ahtesham/Downloads/invest/project/vendor/laravel/framework/src/Illuminate/Session/SessionManager.php(95): Illuminate\\Session\\SessionManager->getDatabaseConnection()
#4 /home/ahtesham/Downloads/invest/project/vendor/laravel/framework/src/Illuminate/Support/Manager.php(106): Illuminate\\Session\\SessionManager->createDatabaseDriver()
#5 /home/ahtesham/Downloads/invest/project/vendor/laravel/framework/src/Illuminate/Support/Manager.php(80): Illuminate\\Support\\Manager->createDriver()
#6 /home/ahtesham/Downloads/invest/project/vendor/laravel/framework/src/Illuminate/Support/Manager.php(191): Illuminate\\Support\\Manager->driver()
#7 /home/ahtesham/Downloads/invest/project/app/Helpers/helpers.php(117): Illuminate\\Support\\Manager->__call()
#8 /home/ahtesham/Downloads/invest/project/routes/admin.php(67): basicControl()
#9 /home/ahtesham/Downloads/invest/project/vendor/laravel/framework/src/Illuminate/Routing/RouteFileRegistrar.php(35): require('...')
#10 /home/ahtesham/Downloads/invest/project/vendor/laravel/framework/src/Illuminate/Routing/Router.php(511): Illuminate\\Routing\\RouteFileRegistrar->register()
#11 /home/ahtesham/Downloads/invest/project/vendor/laravel/framework/src/Illuminate/Routing/Router.php(465): Illuminate\\Routing\\Router->loadRoutes()
#12 /home/ahtesham/Downloads/invest/project/vendor/laravel/framework/src/Illuminate/Routing/RouteRegistrar.php(194): Illuminate\\Routing\\Router->group()
#13 /home/ahtesham/Downloads/invest/project/app/Providers/RouteServiceProvider.php(39): Illuminate\\Routing\\RouteRegistrar->group()
#14 /home/ahtesham/Downloads/invest/project/vendor/laravel/framework/src/Illuminate/Container/BoundMethod.php(36): App\\Providers\\RouteServiceProvider->App\\Providers\\{closure}()
#15 /home/ahtesham/Downloads/invest/project/vendor/laravel/framework/src/Illuminate/Container/Util.php(41): Illuminate\\Container\\BoundMethod::Illuminate\\Container\\{closure}()
#16 /home/ahtesham/Downloads/invest/project/vendor/laravel/framework/src/Illuminate/Container/BoundMethod.php(81): Illuminate\\Container\\Util::unwrapIfClosure()
#17 /home/ahtesham/Downloads/invest/project/vendor/laravel/framework/src/Illuminate/Container/BoundMethod.php(35): Illuminate\\Container\\BoundMethod::callBoundMethod()
#18 /home/ahtesham/Downloads/invest/project/vendor/laravel/framework/src/Illuminate/Container/Container.php(662): Illuminate\\Container\\BoundMethod::call()
#19 /home/ahtesham/Downloads/invest/project/vendor/laravel/framework/src/Illuminate/Foundation/Support/Providers/RouteServiceProvider.php(120): Illuminate\\Container\\Container->call()
#20 /home/ahtesham/Downloads/invest/project/vendor/laravel/framework/src/Illuminate/Foundation/Support/Providers/RouteServiceProvider.php(45): Illuminate\\Foundation\\Support\\Providers\\RouteServiceProvider->loadRoutes()
#21 /home/ahtesham/Downloads/invest/project/vendor/laravel/framework/src/Illuminate/Container/BoundMethod.php(36): Illuminate\\Foundation\\Support\\Providers\\RouteServiceProvider->Illuminate\\Foundation\\Support\\Providers\\{closure}()
#22 /home/ahtesham/Downloads/invest/project/vendor/laravel/framework/src/Illuminate/Container/Util.php(41): Illuminate\\Container\\BoundMethod::Illuminate\\Container\\{closure}()
#23 /home/ahtesham/Downloads/invest/project/vendor/laravel/framework/src/Illuminate/Container/BoundMethod.php(81): Illuminate\\Container\\Util::unwrapIfClosure()
#24 /home/ahtesham/Downloads/invest/project/vendor/laravel/framework/src/Illuminate/Container/BoundMethod.php(35): Illuminate\\Container\\BoundMethod::callBoundMethod()
#25 /home/ahtesham/Downloads/invest/project/vendor/laravel/framework/src/Illuminate/Container/Container.php(662): Illuminate\\Container\\BoundMethod::call()
#26 /home/ahtesham/Downloads/invest/project/vendor/laravel/framework/src/Illuminate/Support/ServiceProvider.php(119): Illuminate\\Container\\Container->call()
#27 /home/ahtesham/Downloads/invest/project/vendor/laravel/framework/src/Illuminate/Foundation/Application.php(1037): Illuminate\\Support\\ServiceProvider->callBootedCallbacks()
#28 /home/ahtesham/Downloads/invest/project/vendor/laravel/framework/src/Illuminate/Foundation/Application.php(1015): Illuminate\\Foundation\\Application->bootProvider()
#29 [internal function]: Illuminate\\Foundation\\Application->Illuminate\\Foundation\\{closure}()
#30 /home/ahtesham/Downloads/invest/project/vendor/laravel/framework/src/Illuminate/Foundation/Application.php(1014): array_walk()
#31 /home/ahtesham/Downloads/invest/project/vendor/laravel/framework/src/Illuminate/Foundation/Bootstrap/BootProviders.php(17): Illuminate\\Foundation\\Application->boot()
#32 /home/ahtesham/Downloads/invest/project/vendor/laravel/framework/src/Illuminate/Foundation/Application.php(263): Illuminate\\Foundation\\Bootstrap\\BootProviders->bootstrap()
#33 /home/ahtesham/Downloads/invest/project/vendor/laravel/framework/src/Illuminate/Foundation/Console/Kernel.php(447): Illuminate\\Foundation\\Application->bootstrapWith()
#34 /home/ahtesham/Downloads/invest/project/vendor/laravel/framework/src/Illuminate/Foundation/Console/Kernel.php(199): Illuminate\\Foundation\\Console\\Kernel->bootstrap()
#35 Command line code(1): Illuminate\\Foundation\\Console\\Kernel->handle()
#36 {main}
"} 
[2024-09-09 11:35:05] local.ERROR: Database connection [mariadb] not configured. {"exception":"[object] (InvalidArgumentException(code: 0): Database connection [mariadb] not configured. at /home/ahtesham/Downloads/invest/project/vendor/laravel/framework/src/Illuminate/Database/DatabaseManager.php:196)
[stacktrace]
#0 /home/ahtesham/Downloads/invest/project/vendor/laravel/framework/src/Illuminate/Database/DatabaseManager.php(159): Illuminate\\Database\\DatabaseManager->configuration()
#1 /home/ahtesham/Downloads/invest/project/vendor/laravel/framework/src/Illuminate/Database/DatabaseManager.php(101): Illuminate\\Database\\DatabaseManager->makeConnection()
#2 /home/ahtesham/Downloads/invest/project/vendor/laravel/framework/src/Illuminate/Session/SessionManager.php(108): Illuminate\\Database\\DatabaseManager->connection()
#3 /home/ahtesham/Downloads/invest/project/vendor/laravel/framework/src/Illuminate/Session/SessionManager.php(95): Illuminate\\Session\\SessionManager->getDatabaseConnection()
#4 /home/ahtesham/Downloads/invest/project/vendor/laravel/framework/src/Illuminate/Support/Manager.php(106): Illuminate\\Session\\SessionManager->createDatabaseDriver()
#5 /home/ahtesham/Downloads/invest/project/vendor/laravel/framework/src/Illuminate/Support/Manager.php(80): Illuminate\\Support\\Manager->createDriver()
#6 /home/ahtesham/Downloads/invest/project/vendor/laravel/framework/src/Illuminate/Support/Manager.php(191): Illuminate\\Support\\Manager->driver()
#7 /home/ahtesham/Downloads/invest/project/app/Helpers/helpers.php(117): Illuminate\\Support\\Manager->__call()
#8 /home/ahtesham/Downloads/invest/project/routes/admin.php(67): basicControl()
#9 /home/ahtesham/Downloads/invest/project/vendor/laravel/framework/src/Illuminate/Routing/RouteFileRegistrar.php(35): require('...')
#10 /home/ahtesham/Downloads/invest/project/vendor/laravel/framework/src/Illuminate/Routing/Router.php(511): Illuminate\\Routing\\RouteFileRegistrar->register()
#11 /home/ahtesham/Downloads/invest/project/vendor/laravel/framework/src/Illuminate/Routing/Router.php(465): Illuminate\\Routing\\Router->loadRoutes()
#12 /home/ahtesham/Downloads/invest/project/vendor/laravel/framework/src/Illuminate/Routing/RouteRegistrar.php(194): Illuminate\\Routing\\Router->group()
#13 /home/ahtesham/Downloads/invest/project/app/Providers/RouteServiceProvider.php(39): Illuminate\\Routing\\RouteRegistrar->group()
#14 /home/ahtesham/Downloads/invest/project/vendor/laravel/framework/src/Illuminate/Container/BoundMethod.php(36): App\\Providers\\RouteServiceProvider->App\\Providers\\{closure}()
#15 /home/ahtesham/Downloads/invest/project/vendor/laravel/framework/src/Illuminate/Container/Util.php(41): Illuminate\\Container\\BoundMethod::Illuminate\\Container\\{closure}()
#16 /home/ahtesham/Downloads/invest/project/vendor/laravel/framework/src/Illuminate/Container/BoundMethod.php(81): Illuminate\\Container\\Util::unwrapIfClosure()
#17 /home/ahtesham/Downloads/invest/project/vendor/laravel/framework/src/Illuminate/Container/BoundMethod.php(35): Illuminate\\Container\\BoundMethod::callBoundMethod()
#18 /home/ahtesham/Downloads/invest/project/vendor/laravel/framework/src/Illuminate/Container/Container.php(662): Illuminate\\Container\\BoundMethod::call()
#19 /home/ahtesham/Downloads/invest/project/vendor/laravel/framework/src/Illuminate/Foundation/Support/Providers/RouteServiceProvider.php(120): Illuminate\\Container\\Container->call()
#20 /home/ahtesham/Downloads/invest/project/vendor/laravel/framework/src/Illuminate/Foundation/Support/Providers/RouteServiceProvider.php(45): Illuminate\\Foundation\\Support\\Providers\\RouteServiceProvider->loadRoutes()
#21 /home/ahtesham/Downloads/invest/project/vendor/laravel/framework/src/Illuminate/Container/BoundMethod.php(36): Illuminate\\Foundation\\Support\\Providers\\RouteServiceProvider->Illuminate\\Foundation\\Support\\Providers\\{closure}()
#22 /home/ahtesham/Downloads/invest/project/vendor/laravel/framework/src/Illuminate/Container/Util.php(41): Illuminate\\Container\\BoundMethod::Illuminate\\Container\\{closure}()
#23 /home/ahtesham/Downloads/invest/project/vendor/laravel/framework/src/Illuminate/Container/BoundMethod.php(81): Illuminate\\Container\\Util::unwrapIfClosure()
#24 /home/ahtesham/Downloads/invest/project/vendor/laravel/framework/src/Illuminate/Container/BoundMethod.php(35): Illuminate\\Container\\BoundMethod::callBoundMethod()
#25 /home/ahtesham/Downloads/invest/project/vendor/laravel/framework/src/Illuminate/Container/Container.php(662): Illuminate\\Container\\BoundMethod::call()
#26 /home/ahtesham/Downloads/invest/project/vendor/laravel/framework/src/Illuminate/Support/ServiceProvider.php(119): Illuminate\\Container\\Container->call()
#27 /home/ahtesham/Downloads/invest/project/vendor/laravel/framework/src/Illuminate/Foundation/Application.php(1037): Illuminate\\Support\\ServiceProvider->callBootedCallbacks()
#28 /home/ahtesham/Downloads/invest/project/vendor/laravel/framework/src/Illuminate/Foundation/Application.php(1015): Illuminate\\Foundation\\Application->bootProvider()
#29 [internal function]: Illuminate\\Foundation\\Application->Illuminate\\Foundation\\{closure}()
#30 /home/ahtesham/Downloads/invest/project/vendor/laravel/framework/src/Illuminate/Foundation/Application.php(1014): array_walk()
#31 /home/ahtesham/Downloads/invest/project/vendor/laravel/framework/src/Illuminate/Foundation/Bootstrap/BootProviders.php(17): Illuminate\\Foundation\\Application->boot()
#32 /home/ahtesham/Downloads/invest/project/vendor/laravel/framework/src/Illuminate/Foundation/Application.php(263): Illuminate\\Foundation\\Bootstrap\\BootProviders->bootstrap()
#33 /home/ahtesham/Downloads/invest/project/vendor/laravel/framework/src/Illuminate/Foundation/Console/Kernel.php(447): Illuminate\\Foundation\\Application->bootstrapWith()
#34 /home/ahtesham/Downloads/invest/project/vendor/laravel/framework/src/Illuminate/Foundation/Console/Kernel.php(199): Illuminate\\Foundation\\Console\\Kernel->bootstrap()
#35 Command line code(1): Illuminate\\Foundation\\Console\\Kernel->handle()
#36 {main}
"} 
[2024-09-09 11:35:06] local.ERROR: Database connection [mariadb] not configured. {"exception":"[object] (InvalidArgumentException(code: 0): Database connection [mariadb] not configured. at /home/ahtesham/Downloads/invest/project/vendor/laravel/framework/src/Illuminate/Database/DatabaseManager.php:196)
[stacktrace]
#0 /home/ahtesham/Downloads/invest/project/vendor/laravel/framework/src/Illuminate/Database/DatabaseManager.php(159): Illuminate\\Database\\DatabaseManager->configuration()
#1 /home/ahtesham/Downloads/invest/project/vendor/laravel/framework/src/Illuminate/Database/DatabaseManager.php(101): Illuminate\\Database\\DatabaseManager->makeConnection()
#2 /home/ahtesham/Downloads/invest/project/vendor/laravel/framework/src/Illuminate/Session/SessionManager.php(108): Illuminate\\Database\\DatabaseManager->connection()
#3 /home/ahtesham/Downloads/invest/project/vendor/laravel/framework/src/Illuminate/Session/SessionManager.php(95): Illuminate\\Session\\SessionManager->getDatabaseConnection()
#4 /home/ahtesham/Downloads/invest/project/vendor/laravel/framework/src/Illuminate/Support/Manager.php(106): Illuminate\\Session\\SessionManager->createDatabaseDriver()
#5 /home/ahtesham/Downloads/invest/project/vendor/laravel/framework/src/Illuminate/Support/Manager.php(80): Illuminate\\Support\\Manager->createDriver()
#6 /home/ahtesham/Downloads/invest/project/vendor/laravel/framework/src/Illuminate/Support/Manager.php(191): Illuminate\\Support\\Manager->driver()
#7 /home/ahtesham/Downloads/invest/project/app/Helpers/helpers.php(117): Illuminate\\Support\\Manager->__call()
#8 /home/ahtesham/Downloads/invest/project/routes/admin.php(67): basicControl()
#9 /home/ahtesham/Downloads/invest/project/vendor/laravel/framework/src/Illuminate/Routing/RouteFileRegistrar.php(35): require('...')
#10 /home/ahtesham/Downloads/invest/project/vendor/laravel/framework/src/Illuminate/Routing/Router.php(511): Illuminate\\Routing\\RouteFileRegistrar->register()
#11 /home/ahtesham/Downloads/invest/project/vendor/laravel/framework/src/Illuminate/Routing/Router.php(465): Illuminate\\Routing\\Router->loadRoutes()
#12 /home/ahtesham/Downloads/invest/project/vendor/laravel/framework/src/Illuminate/Routing/RouteRegistrar.php(194): Illuminate\\Routing\\Router->group()
#13 /home/ahtesham/Downloads/invest/project/app/Providers/RouteServiceProvider.php(39): Illuminate\\Routing\\RouteRegistrar->group()
#14 /home/ahtesham/Downloads/invest/project/vendor/laravel/framework/src/Illuminate/Container/BoundMethod.php(36): App\\Providers\\RouteServiceProvider->App\\Providers\\{closure}()
#15 /home/ahtesham/Downloads/invest/project/vendor/laravel/framework/src/Illuminate/Container/Util.php(41): Illuminate\\Container\\BoundMethod::Illuminate\\Container\\{closure}()
#16 /home/ahtesham/Downloads/invest/project/vendor/laravel/framework/src/Illuminate/Container/BoundMethod.php(81): Illuminate\\Container\\Util::unwrapIfClosure()
#17 /home/ahtesham/Downloads/invest/project/vendor/laravel/framework/src/Illuminate/Container/BoundMethod.php(35): Illuminate\\Container\\BoundMethod::callBoundMethod()
#18 /home/ahtesham/Downloads/invest/project/vendor/laravel/framework/src/Illuminate/Container/Container.php(662): Illuminate\\Container\\BoundMethod::call()
#19 /home/ahtesham/Downloads/invest/project/vendor/laravel/framework/src/Illuminate/Foundation/Support/Providers/RouteServiceProvider.php(120): Illuminate\\Container\\Container->call()
#20 /home/ahtesham/Downloads/invest/project/vendor/laravel/framework/src/Illuminate/Foundation/Support/Providers/RouteServiceProvider.php(45): Illuminate\\Foundation\\Support\\Providers\\RouteServiceProvider->loadRoutes()
#21 /home/ahtesham/Downloads/invest/project/vendor/laravel/framework/src/Illuminate/Container/BoundMethod.php(36): Illuminate\\Foundation\\Support\\Providers\\RouteServiceProvider->Illuminate\\Foundation\\Support\\Providers\\{closure}()
#22 /home/ahtesham/Downloads/invest/project/vendor/laravel/framework/src/Illuminate/Container/Util.php(41): Illuminate\\Container\\BoundMethod::Illuminate\\Container\\{closure}()
#23 /home/ahtesham/Downloads/invest/project/vendor/laravel/framework/src/Illuminate/Container/BoundMethod.php(81): Illuminate\\Container\\Util::unwrapIfClosure()
#24 /home/ahtesham/Downloads/invest/project/vendor/laravel/framework/src/Illuminate/Container/BoundMethod.php(35): Illuminate\\Container\\BoundMethod::callBoundMethod()
#25 /home/ahtesham/Downloads/invest/project/vendor/laravel/framework/src/Illuminate/Container/Container.php(662): Illuminate\\Container\\BoundMethod::call()
#26 /home/ahtesham/Downloads/invest/project/vendor/laravel/framework/src/Illuminate/Support/ServiceProvider.php(119): Illuminate\\Container\\Container->call()
#27 /home/ahtesham/Downloads/invest/project/vendor/laravel/framework/src/Illuminate/Foundation/Application.php(1037): Illuminate\\Support\\ServiceProvider->callBootedCallbacks()
#28 /home/ahtesham/Downloads/invest/project/vendor/laravel/framework/src/Illuminate/Foundation/Application.php(1015): Illuminate\\Foundation\\Application->bootProvider()
#29 [internal function]: Illuminate\\Foundation\\Application->Illuminate\\Foundation\\{closure}()
#30 /home/ahtesham/Downloads/invest/project/vendor/laravel/framework/src/Illuminate/Foundation/Application.php(1014): array_walk()
#31 /home/ahtesham/Downloads/invest/project/vendor/laravel/framework/src/Illuminate/Foundation/Bootstrap/BootProviders.php(17): Illuminate\\Foundation\\Application->boot()
#32 /home/ahtesham/Downloads/invest/project/vendor/laravel/framework/src/Illuminate/Foundation/Application.php(263): Illuminate\\Foundation\\Bootstrap\\BootProviders->bootstrap()
#33 /home/ahtesham/Downloads/invest/project/vendor/laravel/framework/src/Illuminate/Foundation/Console/Kernel.php(447): Illuminate\\Foundation\\Application->bootstrapWith()
#34 /home/ahtesham/Downloads/invest/project/vendor/laravel/framework/src/Illuminate/Foundation/Console/Kernel.php(199): Illuminate\\Foundation\\Console\\Kernel->bootstrap()
#35 Command line code(1): Illuminate\\Foundation\\Console\\Kernel->handle()
#36 {main}
"} 
[2024-09-09 11:35:07] local.ERROR: Database connection [mariadb] not configured. {"exception":"[object] (InvalidArgumentException(code: 0): Database connection [mariadb] not configured. at /home/ahtesham/Downloads/invest/project/vendor/laravel/framework/src/Illuminate/Database/DatabaseManager.php:196)
[stacktrace]
#0 /home/ahtesham/Downloads/invest/project/vendor/laravel/framework/src/Illuminate/Database/DatabaseManager.php(159): Illuminate\\Database\\DatabaseManager->configuration()
#1 /home/ahtesham/Downloads/invest/project/vendor/laravel/framework/src/Illuminate/Database/DatabaseManager.php(101): Illuminate\\Database\\DatabaseManager->makeConnection()
#2 /home/ahtesham/Downloads/invest/project/vendor/laravel/framework/src/Illuminate/Session/SessionManager.php(108): Illuminate\\Database\\DatabaseManager->connection()
#3 /home/ahtesham/Downloads/invest/project/vendor/laravel/framework/src/Illuminate/Session/SessionManager.php(95): Illuminate\\Session\\SessionManager->getDatabaseConnection()
#4 /home/ahtesham/Downloads/invest/project/vendor/laravel/framework/src/Illuminate/Support/Manager.php(106): Illuminate\\Session\\SessionManager->createDatabaseDriver()
#5 /home/ahtesham/Downloads/invest/project/vendor/laravel/framework/src/Illuminate/Support/Manager.php(80): Illuminate\\Support\\Manager->createDriver()
#6 /home/ahtesham/Downloads/invest/project/vendor/laravel/framework/src/Illuminate/Support/Manager.php(191): Illuminate\\Support\\Manager->driver()
#7 /home/ahtesham/Downloads/invest/project/app/Helpers/helpers.php(117): Illuminate\\Support\\Manager->__call()
#8 /home/ahtesham/Downloads/invest/project/routes/admin.php(67): basicControl()
#9 /home/ahtesham/Downloads/invest/project/vendor/laravel/framework/src/Illuminate/Routing/RouteFileRegistrar.php(35): require('...')
#10 /home/ahtesham/Downloads/invest/project/vendor/laravel/framework/src/Illuminate/Routing/Router.php(511): Illuminate\\Routing\\RouteFileRegistrar->register()
#11 /home/ahtesham/Downloads/invest/project/vendor/laravel/framework/src/Illuminate/Routing/Router.php(465): Illuminate\\Routing\\Router->loadRoutes()
#12 /home/ahtesham/Downloads/invest/project/vendor/laravel/framework/src/Illuminate/Routing/RouteRegistrar.php(194): Illuminate\\Routing\\Router->group()
#13 /home/ahtesham/Downloads/invest/project/app/Providers/RouteServiceProvider.php(39): Illuminate\\Routing\\RouteRegistrar->group()
#14 /home/ahtesham/Downloads/invest/project/vendor/laravel/framework/src/Illuminate/Container/BoundMethod.php(36): App\\Providers\\RouteServiceProvider->App\\Providers\\{closure}()
#15 /home/ahtesham/Downloads/invest/project/vendor/laravel/framework/src/Illuminate/Container/Util.php(41): Illuminate\\Container\\BoundMethod::Illuminate\\Container\\{closure}()
#16 /home/ahtesham/Downloads/invest/project/vendor/laravel/framework/src/Illuminate/Container/BoundMethod.php(81): Illuminate\\Container\\Util::unwrapIfClosure()
#17 /home/ahtesham/Downloads/invest/project/vendor/laravel/framework/src/Illuminate/Container/BoundMethod.php(35): Illuminate\\Container\\BoundMethod::callBoundMethod()
#18 /home/ahtesham/Downloads/invest/project/vendor/laravel/framework/src/Illuminate/Container/Container.php(662): Illuminate\\Container\\BoundMethod::call()
#19 /home/ahtesham/Downloads/invest/project/vendor/laravel/framework/src/Illuminate/Foundation/Support/Providers/RouteServiceProvider.php(120): Illuminate\\Container\\Container->call()
#20 /home/ahtesham/Downloads/invest/project/vendor/laravel/framework/src/Illuminate/Foundation/Support/Providers/RouteServiceProvider.php(45): Illuminate\\Foundation\\Support\\Providers\\RouteServiceProvider->loadRoutes()
#21 /home/ahtesham/Downloads/invest/project/vendor/laravel/framework/src/Illuminate/Container/BoundMethod.php(36): Illuminate\\Foundation\\Support\\Providers\\RouteServiceProvider->Illuminate\\Foundation\\Support\\Providers\\{closure}()
#22 /home/ahtesham/Downloads/invest/project/vendor/laravel/framework/src/Illuminate/Container/Util.php(41): Illuminate\\Container\\BoundMethod::Illuminate\\Container\\{closure}()
#23 /home/ahtesham/Downloads/invest/project/vendor/laravel/framework/src/Illuminate/Container/BoundMethod.php(81): Illuminate\\Container\\Util::unwrapIfClosure()
#24 /home/ahtesham/Downloads/invest/project/vendor/laravel/framework/src/Illuminate/Container/BoundMethod.php(35): Illuminate\\Container\\BoundMethod::callBoundMethod()
#25 /home/ahtesham/Downloads/invest/project/vendor/laravel/framework/src/Illuminate/Container/Container.php(662): Illuminate\\Container\\BoundMethod::call()
#26 /home/ahtesham/Downloads/invest/project/vendor/laravel/framework/src/Illuminate/Support/ServiceProvider.php(119): Illuminate\\Container\\Container->call()
#27 /home/ahtesham/Downloads/invest/project/vendor/laravel/framework/src/Illuminate/Foundation/Application.php(1037): Illuminate\\Support\\ServiceProvider->callBootedCallbacks()
#28 /home/ahtesham/Downloads/invest/project/vendor/laravel/framework/src/Illuminate/Foundation/Application.php(1015): Illuminate\\Foundation\\Application->bootProvider()
#29 [internal function]: Illuminate\\Foundation\\Application->Illuminate\\Foundation\\{closure}()
#30 /home/ahtesham/Downloads/invest/project/vendor/laravel/framework/src/Illuminate/Foundation/Application.php(1014): array_walk()
#31 /home/ahtesham/Downloads/invest/project/vendor/laravel/framework/src/Illuminate/Foundation/Bootstrap/BootProviders.php(17): Illuminate\\Foundation\\Application->boot()
#32 /home/ahtesham/Downloads/invest/project/vendor/laravel/framework/src/Illuminate/Foundation/Application.php(263): Illuminate\\Foundation\\Bootstrap\\BootProviders->bootstrap()
#33 /home/ahtesham/Downloads/invest/project/vendor/laravel/framework/src/Illuminate/Foundation/Console/Kernel.php(447): Illuminate\\Foundation\\Application->bootstrapWith()
#34 /home/ahtesham/Downloads/invest/project/vendor/laravel/framework/src/Illuminate/Foundation/Console/Kernel.php(199): Illuminate\\Foundation\\Console\\Kernel->bootstrap()
#35 Command line code(1): Illuminate\\Foundation\\Console\\Kernel->handle()
#36 {main}
"} 
[2024-09-09 11:35:08] local.ERROR: Database connection [mariadb] not configured. {"exception":"[object] (InvalidArgumentException(code: 0): Database connection [mariadb] not configured. at /home/ahtesham/Downloads/invest/project/vendor/laravel/framework/src/Illuminate/Database/DatabaseManager.php:196)
[stacktrace]
#0 /home/ahtesham/Downloads/invest/project/vendor/laravel/framework/src/Illuminate/Database/DatabaseManager.php(159): Illuminate\\Database\\DatabaseManager->configuration()
#1 /home/ahtesham/Downloads/invest/project/vendor/laravel/framework/src/Illuminate/Database/DatabaseManager.php(101): Illuminate\\Database\\DatabaseManager->makeConnection()
#2 /home/ahtesham/Downloads/invest/project/vendor/laravel/framework/src/Illuminate/Session/SessionManager.php(108): Illuminate\\Database\\DatabaseManager->connection()
#3 /home/ahtesham/Downloads/invest/project/vendor/laravel/framework/src/Illuminate/Session/SessionManager.php(95): Illuminate\\Session\\SessionManager->getDatabaseConnection()
#4 /home/ahtesham/Downloads/invest/project/vendor/laravel/framework/src/Illuminate/Support/Manager.php(106): Illuminate\\Session\\SessionManager->createDatabaseDriver()
#5 /home/ahtesham/Downloads/invest/project/vendor/laravel/framework/src/Illuminate/Support/Manager.php(80): Illuminate\\Support\\Manager->createDriver()
#6 /home/ahtesham/Downloads/invest/project/vendor/laravel/framework/src/Illuminate/Support/Manager.php(191): Illuminate\\Support\\Manager->driver()
#7 /home/ahtesham/Downloads/invest/project/app/Helpers/helpers.php(117): Illuminate\\Support\\Manager->__call()
#8 /home/ahtesham/Downloads/invest/project/routes/admin.php(67): basicControl()
#9 /home/ahtesham/Downloads/invest/project/vendor/laravel/framework/src/Illuminate/Routing/RouteFileRegistrar.php(35): require('...')
#10 /home/ahtesham/Downloads/invest/project/vendor/laravel/framework/src/Illuminate/Routing/Router.php(511): Illuminate\\Routing\\RouteFileRegistrar->register()
#11 /home/ahtesham/Downloads/invest/project/vendor/laravel/framework/src/Illuminate/Routing/Router.php(465): Illuminate\\Routing\\Router->loadRoutes()
#12 /home/ahtesham/Downloads/invest/project/vendor/laravel/framework/src/Illuminate/Routing/RouteRegistrar.php(194): Illuminate\\Routing\\Router->group()
#13 /home/ahtesham/Downloads/invest/project/app/Providers/RouteServiceProvider.php(39): Illuminate\\Routing\\RouteRegistrar->group()
#14 /home/ahtesham/Downloads/invest/project/vendor/laravel/framework/src/Illuminate/Container/BoundMethod.php(36): App\\Providers\\RouteServiceProvider->App\\Providers\\{closure}()
#15 /home/ahtesham/Downloads/invest/project/vendor/laravel/framework/src/Illuminate/Container/Util.php(41): Illuminate\\Container\\BoundMethod::Illuminate\\Container\\{closure}()
#16 /home/ahtesham/Downloads/invest/project/vendor/laravel/framework/src/Illuminate/Container/BoundMethod.php(81): Illuminate\\Container\\Util::unwrapIfClosure()
#17 /home/ahtesham/Downloads/invest/project/vendor/laravel/framework/src/Illuminate/Container/BoundMethod.php(35): Illuminate\\Container\\BoundMethod::callBoundMethod()
#18 /home/ahtesham/Downloads/invest/project/vendor/laravel/framework/src/Illuminate/Container/Container.php(662): Illuminate\\Container\\BoundMethod::call()
#19 /home/ahtesham/Downloads/invest/project/vendor/laravel/framework/src/Illuminate/Foundation/Support/Providers/RouteServiceProvider.php(120): Illuminate\\Container\\Container->call()
#20 /home/ahtesham/Downloads/invest/project/vendor/laravel/framework/src/Illuminate/Foundation/Support/Providers/RouteServiceProvider.php(45): Illuminate\\Foundation\\Support\\Providers\\RouteServiceProvider->loadRoutes()
#21 /home/ahtesham/Downloads/invest/project/vendor/laravel/framework/src/Illuminate/Container/BoundMethod.php(36): Illuminate\\Foundation\\Support\\Providers\\RouteServiceProvider->Illuminate\\Foundation\\Support\\Providers\\{closure}()
#22 /home/ahtesham/Downloads/invest/project/vendor/laravel/framework/src/Illuminate/Container/Util.php(41): Illuminate\\Container\\BoundMethod::Illuminate\\Container\\{closure}()
#23 /home/ahtesham/Downloads/invest/project/vendor/laravel/framework/src/Illuminate/Container/BoundMethod.php(81): Illuminate\\Container\\Util::unwrapIfClosure()
#24 /home/ahtesham/Downloads/invest/project/vendor/laravel/framework/src/Illuminate/Container/BoundMethod.php(35): Illuminate\\Container\\BoundMethod::callBoundMethod()
#25 /home/ahtesham/Downloads/invest/project/vendor/laravel/framework/src/Illuminate/Container/Container.php(662): Illuminate\\Container\\BoundMethod::call()
#26 /home/ahtesham/Downloads/invest/project/vendor/laravel/framework/src/Illuminate/Support/ServiceProvider.php(119): Illuminate\\Container\\Container->call()
#27 /home/ahtesham/Downloads/invest/project/vendor/laravel/framework/src/Illuminate/Foundation/Application.php(1037): Illuminate\\Support\\ServiceProvider->callBootedCallbacks()
#28 /home/ahtesham/Downloads/invest/project/vendor/laravel/framework/src/Illuminate/Foundation/Application.php(1015): Illuminate\\Foundation\\Application->bootProvider()
#29 [internal function]: Illuminate\\Foundation\\Application->Illuminate\\Foundation\\{closure}()
#30 /home/ahtesham/Downloads/invest/project/vendor/laravel/framework/src/Illuminate/Foundation/Application.php(1014): array_walk()
#31 /home/ahtesham/Downloads/invest/project/vendor/laravel/framework/src/Illuminate/Foundation/Bootstrap/BootProviders.php(17): Illuminate\\Foundation\\Application->boot()
#32 /home/ahtesham/Downloads/invest/project/vendor/laravel/framework/src/Illuminate/Foundation/Application.php(263): Illuminate\\Foundation\\Bootstrap\\BootProviders->bootstrap()
#33 /home/ahtesham/Downloads/invest/project/vendor/laravel/framework/src/Illuminate/Foundation/Console/Kernel.php(447): Illuminate\\Foundation\\Application->bootstrapWith()
#34 /home/ahtesham/Downloads/invest/project/vendor/laravel/framework/src/Illuminate/Foundation/Console/Kernel.php(199): Illuminate\\Foundation\\Console\\Kernel->bootstrap()
#35 Command line code(1): Illuminate\\Foundation\\Console\\Kernel->handle()
#36 {main}
"} 
[2024-09-09 11:35:09] local.ERROR: Database connection [mariadb] not configured. {"exception":"[object] (InvalidArgumentException(code: 0): Database connection [mariadb] not configured. at /home/ahtesham/Downloads/invest/project/vendor/laravel/framework/src/Illuminate/Database/DatabaseManager.php:196)
[stacktrace]
#0 /home/ahtesham/Downloads/invest/project/vendor/laravel/framework/src/Illuminate/Database/DatabaseManager.php(159): Illuminate\\Database\\DatabaseManager->configuration()
#1 /home/ahtesham/Downloads/invest/project/vendor/laravel/framework/src/Illuminate/Database/DatabaseManager.php(101): Illuminate\\Database\\DatabaseManager->makeConnection()
#2 /home/ahtesham/Downloads/invest/project/vendor/laravel/framework/src/Illuminate/Session/SessionManager.php(108): Illuminate\\Database\\DatabaseManager->connection()
#3 /home/ahtesham/Downloads/invest/project/vendor/laravel/framework/src/Illuminate/Session/SessionManager.php(95): Illuminate\\Session\\SessionManager->getDatabaseConnection()
#4 /home/ahtesham/Downloads/invest/project/vendor/laravel/framework/src/Illuminate/Support/Manager.php(106): Illuminate\\Session\\SessionManager->createDatabaseDriver()
#5 /home/ahtesham/Downloads/invest/project/vendor/laravel/framework/src/Illuminate/Support/Manager.php(80): Illuminate\\Support\\Manager->createDriver()
#6 /home/ahtesham/Downloads/invest/project/vendor/laravel/framework/src/Illuminate/Support/Manager.php(191): Illuminate\\Support\\Manager->driver()
#7 /home/ahtesham/Downloads/invest/project/app/Helpers/helpers.php(117): Illuminate\\Support\\Manager->__call()
#8 /home/ahtesham/Downloads/invest/project/routes/admin.php(67): basicControl()
#9 /home/ahtesham/Downloads/invest/project/vendor/laravel/framework/src/Illuminate/Routing/RouteFileRegistrar.php(35): require('...')
#10 /home/ahtesham/Downloads/invest/project/vendor/laravel/framework/src/Illuminate/Routing/Router.php(511): Illuminate\\Routing\\RouteFileRegistrar->register()
#11 /home/ahtesham/Downloads/invest/project/vendor/laravel/framework/src/Illuminate/Routing/Router.php(465): Illuminate\\Routing\\Router->loadRoutes()
#12 /home/ahtesham/Downloads/invest/project/vendor/laravel/framework/src/Illuminate/Routing/RouteRegistrar.php(194): Illuminate\\Routing\\Router->group()
#13 /home/ahtesham/Downloads/invest/project/app/Providers/RouteServiceProvider.php(39): Illuminate\\Routing\\RouteRegistrar->group()
#14 /home/ahtesham/Downloads/invest/project/vendor/laravel/framework/src/Illuminate/Container/BoundMethod.php(36): App\\Providers\\RouteServiceProvider->App\\Providers\\{closure}()
#15 /home/ahtesham/Downloads/invest/project/vendor/laravel/framework/src/Illuminate/Container/Util.php(41): Illuminate\\Container\\BoundMethod::Illuminate\\Container\\{closure}()
#16 /home/ahtesham/Downloads/invest/project/vendor/laravel/framework/src/Illuminate/Container/BoundMethod.php(81): Illuminate\\Container\\Util::unwrapIfClosure()
#17 /home/ahtesham/Downloads/invest/project/vendor/laravel/framework/src/Illuminate/Container/BoundMethod.php(35): Illuminate\\Container\\BoundMethod::callBoundMethod()
#18 /home/ahtesham/Downloads/invest/project/vendor/laravel/framework/src/Illuminate/Container/Container.php(662): Illuminate\\Container\\BoundMethod::call()
#19 /home/ahtesham/Downloads/invest/project/vendor/laravel/framework/src/Illuminate/Foundation/Support/Providers/RouteServiceProvider.php(120): Illuminate\\Container\\Container->call()
#20 /home/ahtesham/Downloads/invest/project/vendor/laravel/framework/src/Illuminate/Foundation/Support/Providers/RouteServiceProvider.php(45): Illuminate\\Foundation\\Support\\Providers\\RouteServiceProvider->loadRoutes()
#21 /home/ahtesham/Downloads/invest/project/vendor/laravel/framework/src/Illuminate/Container/BoundMethod.php(36): Illuminate\\Foundation\\Support\\Providers\\RouteServiceProvider->Illuminate\\Foundation\\Support\\Providers\\{closure}()
#22 /home/ahtesham/Downloads/invest/project/vendor/laravel/framework/src/Illuminate/Container/Util.php(41): Illuminate\\Container\\BoundMethod::Illuminate\\Container\\{closure}()
#23 /home/ahtesham/Downloads/invest/project/vendor/laravel/framework/src/Illuminate/Container/BoundMethod.php(81): Illuminate\\Container\\Util::unwrapIfClosure()
#24 /home/ahtesham/Downloads/invest/project/vendor/laravel/framework/src/Illuminate/Container/BoundMethod.php(35): Illuminate\\Container\\BoundMethod::callBoundMethod()
#25 /home/ahtesham/Downloads/invest/project/vendor/laravel/framework/src/Illuminate/Container/Container.php(662): Illuminate\\Container\\BoundMethod::call()
#26 /home/ahtesham/Downloads/invest/project/vendor/laravel/framework/src/Illuminate/Support/ServiceProvider.php(119): Illuminate\\Container\\Container->call()
#27 /home/ahtesham/Downloads/invest/project/vendor/laravel/framework/src/Illuminate/Foundation/Application.php(1037): Illuminate\\Support\\ServiceProvider->callBootedCallbacks()
#28 /home/ahtesham/Downloads/invest/project/vendor/laravel/framework/src/Illuminate/Foundation/Application.php(1015): Illuminate\\Foundation\\Application->bootProvider()
#29 [internal function]: Illuminate\\Foundation\\Application->Illuminate\\Foundation\\{closure}()
#30 /home/ahtesham/Downloads/invest/project/vendor/laravel/framework/src/Illuminate/Foundation/Application.php(1014): array_walk()
#31 /home/ahtesham/Downloads/invest/project/vendor/laravel/framework/src/Illuminate/Foundation/Bootstrap/BootProviders.php(17): Illuminate\\Foundation\\Application->boot()
#32 /home/ahtesham/Downloads/invest/project/vendor/laravel/framework/src/Illuminate/Foundation/Application.php(263): Illuminate\\Foundation\\Bootstrap\\BootProviders->bootstrap()
#33 /home/ahtesham/Downloads/invest/project/vendor/laravel/framework/src/Illuminate/Foundation/Console/Kernel.php(447): Illuminate\\Foundation\\Application->bootstrapWith()
#34 /home/ahtesham/Downloads/invest/project/vendor/laravel/framework/src/Illuminate/Foundation/Console/Kernel.php(199): Illuminate\\Foundation\\Console\\Kernel->bootstrap()
#35 Command line code(1): Illuminate\\Foundation\\Console\\Kernel->handle()
#36 {main}
"} 
[2024-09-09 11:35:10] local.ERROR: Database connection [mariadb] not configured. {"exception":"[object] (InvalidArgumentException(code: 0): Database connection [mariadb] not configured. at /home/ahtesham/Downloads/invest/project/vendor/laravel/framework/src/Illuminate/Database/DatabaseManager.php:196)
[stacktrace]
#0 /home/ahtesham/Downloads/invest/project/vendor/laravel/framework/src/Illuminate/Database/DatabaseManager.php(159): Illuminate\\Database\\DatabaseManager->configuration()
#1 /home/ahtesham/Downloads/invest/project/vendor/laravel/framework/src/Illuminate/Database/DatabaseManager.php(101): Illuminate\\Database\\DatabaseManager->makeConnection()
#2 /home/ahtesham/Downloads/invest/project/vendor/laravel/framework/src/Illuminate/Session/SessionManager.php(108): Illuminate\\Database\\DatabaseManager->connection()
#3 /home/ahtesham/Downloads/invest/project/vendor/laravel/framework/src/Illuminate/Session/SessionManager.php(95): Illuminate\\Session\\SessionManager->getDatabaseConnection()
#4 /home/ahtesham/Downloads/invest/project/vendor/laravel/framework/src/Illuminate/Support/Manager.php(106): Illuminate\\Session\\SessionManager->createDatabaseDriver()
#5 /home/ahtesham/Downloads/invest/project/vendor/laravel/framework/src/Illuminate/Support/Manager.php(80): Illuminate\\Support\\Manager->createDriver()
#6 /home/ahtesham/Downloads/invest/project/vendor/laravel/framework/src/Illuminate/Support/Manager.php(191): Illuminate\\Support\\Manager->driver()
#7 /home/ahtesham/Downloads/invest/project/app/Helpers/helpers.php(117): Illuminate\\Support\\Manager->__call()
#8 /home/ahtesham/Downloads/invest/project/routes/admin.php(67): basicControl()
#9 /home/ahtesham/Downloads/invest/project/vendor/laravel/framework/src/Illuminate/Routing/RouteFileRegistrar.php(35): require('...')
#10 /home/ahtesham/Downloads/invest/project/vendor/laravel/framework/src/Illuminate/Routing/Router.php(511): Illuminate\\Routing\\RouteFileRegistrar->register()
#11 /home/ahtesham/Downloads/invest/project/vendor/laravel/framework/src/Illuminate/Routing/Router.php(465): Illuminate\\Routing\\Router->loadRoutes()
#12 /home/ahtesham/Downloads/invest/project/vendor/laravel/framework/src/Illuminate/Routing/RouteRegistrar.php(194): Illuminate\\Routing\\Router->group()
#13 /home/ahtesham/Downloads/invest/project/app/Providers/RouteServiceProvider.php(39): Illuminate\\Routing\\RouteRegistrar->group()
#14 /home/ahtesham/Downloads/invest/project/vendor/laravel/framework/src/Illuminate/Container/BoundMethod.php(36): App\\Providers\\RouteServiceProvider->App\\Providers\\{closure}()
#15 /home/ahtesham/Downloads/invest/project/vendor/laravel/framework/src/Illuminate/Container/Util.php(41): Illuminate\\Container\\BoundMethod::Illuminate\\Container\\{closure}()
#16 /home/ahtesham/Downloads/invest/project/vendor/laravel/framework/src/Illuminate/Container/BoundMethod.php(81): Illuminate\\Container\\Util::unwrapIfClosure()
#17 /home/ahtesham/Downloads/invest/project/vendor/laravel/framework/src/Illuminate/Container/BoundMethod.php(35): Illuminate\\Container\\BoundMethod::callBoundMethod()
#18 /home/ahtesham/Downloads/invest/project/vendor/laravel/framework/src/Illuminate/Container/Container.php(662): Illuminate\\Container\\BoundMethod::call()
#19 /home/ahtesham/Downloads/invest/project/vendor/laravel/framework/src/Illuminate/Foundation/Support/Providers/RouteServiceProvider.php(120): Illuminate\\Container\\Container->call()
#20 /home/ahtesham/Downloads/invest/project/vendor/laravel/framework/src/Illuminate/Foundation/Support/Providers/RouteServiceProvider.php(45): Illuminate\\Foundation\\Support\\Providers\\RouteServiceProvider->loadRoutes()
#21 /home/ahtesham/Downloads/invest/project/vendor/laravel/framework/src/Illuminate/Container/BoundMethod.php(36): Illuminate\\Foundation\\Support\\Providers\\RouteServiceProvider->Illuminate\\Foundation\\Support\\Providers\\{closure}()
#22 /home/ahtesham/Downloads/invest/project/vendor/laravel/framework/src/Illuminate/Container/Util.php(41): Illuminate\\Container\\BoundMethod::Illuminate\\Container\\{closure}()
#23 /home/ahtesham/Downloads/invest/project/vendor/laravel/framework/src/Illuminate/Container/BoundMethod.php(81): Illuminate\\Container\\Util::unwrapIfClosure()
#24 /home/ahtesham/Downloads/invest/project/vendor/laravel/framework/src/Illuminate/Container/BoundMethod.php(35): Illuminate\\Container\\BoundMethod::callBoundMethod()
#25 /home/ahtesham/Downloads/invest/project/vendor/laravel/framework/src/Illuminate/Container/Container.php(662): Illuminate\\Container\\BoundMethod::call()
#26 /home/ahtesham/Downloads/invest/project/vendor/laravel/framework/src/Illuminate/Support/ServiceProvider.php(119): Illuminate\\Container\\Container->call()
#27 /home/ahtesham/Downloads/invest/project/vendor/laravel/framework/src/Illuminate/Foundation/Application.php(1037): Illuminate\\Support\\ServiceProvider->callBootedCallbacks()
#28 /home/ahtesham/Downloads/invest/project/vendor/laravel/framework/src/Illuminate/Foundation/Application.php(1015): Illuminate\\Foundation\\Application->bootProvider()
#29 [internal function]: Illuminate\\Foundation\\Application->Illuminate\\Foundation\\{closure}()
#30 /home/ahtesham/Downloads/invest/project/vendor/laravel/framework/src/Illuminate/Foundation/Application.php(1014): array_walk()
#31 /home/ahtesham/Downloads/invest/project/vendor/laravel/framework/src/Illuminate/Foundation/Bootstrap/BootProviders.php(17): Illuminate\\Foundation\\Application->boot()
#32 /home/ahtesham/Downloads/invest/project/vendor/laravel/framework/src/Illuminate/Foundation/Application.php(263): Illuminate\\Foundation\\Bootstrap\\BootProviders->bootstrap()
#33 /home/ahtesham/Downloads/invest/project/vendor/laravel/framework/src/Illuminate/Foundation/Console/Kernel.php(447): Illuminate\\Foundation\\Application->bootstrapWith()
#34 /home/ahtesham/Downloads/invest/project/vendor/laravel/framework/src/Illuminate/Foundation/Console/Kernel.php(199): Illuminate\\Foundation\\Console\\Kernel->bootstrap()
#35 Command line code(1): Illuminate\\Foundation\\Console\\Kernel->handle()
#36 {main}
"} 
[2024-09-09 11:35:11] local.ERROR: Database connection [mariadb] not configured. {"exception":"[object] (InvalidArgumentException(code: 0): Database connection [mariadb] not configured. at /home/ahtesham/Downloads/invest/project/vendor/laravel/framework/src/Illuminate/Database/DatabaseManager.php:196)
[stacktrace]
#0 /home/ahtesham/Downloads/invest/project/vendor/laravel/framework/src/Illuminate/Database/DatabaseManager.php(159): Illuminate\\Database\\DatabaseManager->configuration()
#1 /home/ahtesham/Downloads/invest/project/vendor/laravel/framework/src/Illuminate/Database/DatabaseManager.php(101): Illuminate\\Database\\DatabaseManager->makeConnection()
#2 /home/ahtesham/Downloads/invest/project/vendor/laravel/framework/src/Illuminate/Session/SessionManager.php(108): Illuminate\\Database\\DatabaseManager->connection()
#3 /home/ahtesham/Downloads/invest/project/vendor/laravel/framework/src/Illuminate/Session/SessionManager.php(95): Illuminate\\Session\\SessionManager->getDatabaseConnection()
#4 /home/ahtesham/Downloads/invest/project/vendor/laravel/framework/src/Illuminate/Support/Manager.php(106): Illuminate\\Session\\SessionManager->createDatabaseDriver()
#5 /home/ahtesham/Downloads/invest/project/vendor/laravel/framework/src/Illuminate/Support/Manager.php(80): Illuminate\\Support\\Manager->createDriver()
#6 /home/ahtesham/Downloads/invest/project/vendor/laravel/framework/src/Illuminate/Support/Manager.php(191): Illuminate\\Support\\Manager->driver()
#7 /home/ahtesham/Downloads/invest/project/app/Helpers/helpers.php(117): Illuminate\\Support\\Manager->__call()
#8 /home/ahtesham/Downloads/invest/project/routes/admin.php(67): basicControl()
#9 /home/ahtesham/Downloads/invest/project/vendor/laravel/framework/src/Illuminate/Routing/RouteFileRegistrar.php(35): require('...')
#10 /home/ahtesham/Downloads/invest/project/vendor/laravel/framework/src/Illuminate/Routing/Router.php(511): Illuminate\\Routing\\RouteFileRegistrar->register()
#11 /home/ahtesham/Downloads/invest/project/vendor/laravel/framework/src/Illuminate/Routing/Router.php(465): Illuminate\\Routing\\Router->loadRoutes()
#12 /home/ahtesham/Downloads/invest/project/vendor/laravel/framework/src/Illuminate/Routing/RouteRegistrar.php(194): Illuminate\\Routing\\Router->group()
#13 /home/ahtesham/Downloads/invest/project/app/Providers/RouteServiceProvider.php(39): Illuminate\\Routing\\RouteRegistrar->group()
#14 /home/ahtesham/Downloads/invest/project/vendor/laravel/framework/src/Illuminate/Container/BoundMethod.php(36): App\\Providers\\RouteServiceProvider->App\\Providers\\{closure}()
#15 /home/ahtesham/Downloads/invest/project/vendor/laravel/framework/src/Illuminate/Container/Util.php(41): Illuminate\\Container\\BoundMethod::Illuminate\\Container\\{closure}()
#16 /home/ahtesham/Downloads/invest/project/vendor/laravel/framework/src/Illuminate/Container/BoundMethod.php(81): Illuminate\\Container\\Util::unwrapIfClosure()
#17 /home/ahtesham/Downloads/invest/project/vendor/laravel/framework/src/Illuminate/Container/BoundMethod.php(35): Illuminate\\Container\\BoundMethod::callBoundMethod()
#18 /home/ahtesham/Downloads/invest/project/vendor/laravel/framework/src/Illuminate/Container/Container.php(662): Illuminate\\Container\\BoundMethod::call()
#19 /home/ahtesham/Downloads/invest/project/vendor/laravel/framework/src/Illuminate/Foundation/Support/Providers/RouteServiceProvider.php(120): Illuminate\\Container\\Container->call()
#20 /home/ahtesham/Downloads/invest/project/vendor/laravel/framework/src/Illuminate/Foundation/Support/Providers/RouteServiceProvider.php(45): Illuminate\\Foundation\\Support\\Providers\\RouteServiceProvider->loadRoutes()
#21 /home/ahtesham/Downloads/invest/project/vendor/laravel/framework/src/Illuminate/Container/BoundMethod.php(36): Illuminate\\Foundation\\Support\\Providers\\RouteServiceProvider->Illuminate\\Foundation\\Support\\Providers\\{closure}()
#22 /home/ahtesham/Downloads/invest/project/vendor/laravel/framework/src/Illuminate/Container/Util.php(41): Illuminate\\Container\\BoundMethod::Illuminate\\Container\\{closure}()
#23 /home/ahtesham/Downloads/invest/project/vendor/laravel/framework/src/Illuminate/Container/BoundMethod.php(81): Illuminate\\Container\\Util::unwrapIfClosure()
#24 /home/ahtesham/Downloads/invest/project/vendor/laravel/framework/src/Illuminate/Container/BoundMethod.php(35): Illuminate\\Container\\BoundMethod::callBoundMethod()
#25 /home/ahtesham/Downloads/invest/project/vendor/laravel/framework/src/Illuminate/Container/Container.php(662): Illuminate\\Container\\BoundMethod::call()
#26 /home/ahtesham/Downloads/invest/project/vendor/laravel/framework/src/Illuminate/Support/ServiceProvider.php(119): Illuminate\\Container\\Container->call()
#27 /home/ahtesham/Downloads/invest/project/vendor/laravel/framework/src/Illuminate/Foundation/Application.php(1037): Illuminate\\Support\\ServiceProvider->callBootedCallbacks()
#28 /home/ahtesham/Downloads/invest/project/vendor/laravel/framework/src/Illuminate/Foundation/Application.php(1015): Illuminate\\Foundation\\Application->bootProvider()
#29 [internal function]: Illuminate\\Foundation\\Application->Illuminate\\Foundation\\{closure}()
#30 /home/ahtesham/Downloads/invest/project/vendor/laravel/framework/src/Illuminate/Foundation/Application.php(1014): array_walk()
#31 /home/ahtesham/Downloads/invest/project/vendor/laravel/framework/src/Illuminate/Foundation/Bootstrap/BootProviders.php(17): Illuminate\\Foundation\\Application->boot()
#32 /home/ahtesham/Downloads/invest/project/vendor/laravel/framework/src/Illuminate/Foundation/Application.php(263): Illuminate\\Foundation\\Bootstrap\\BootProviders->bootstrap()
#33 /home/ahtesham/Downloads/invest/project/vendor/laravel/framework/src/Illuminate/Foundation/Console/Kernel.php(447): Illuminate\\Foundation\\Application->bootstrapWith()
#34 /home/ahtesham/Downloads/invest/project/vendor/laravel/framework/src/Illuminate/Foundation/Console/Kernel.php(199): Illuminate\\Foundation\\Console\\Kernel->bootstrap()
#35 Command line code(1): Illuminate\\Foundation\\Console\\Kernel->handle()
#36 {main}
"} 
[2024-09-09 11:35:12] local.ERROR: Database connection [mariadb] not configured. {"exception":"[object] (InvalidArgumentException(code: 0): Database connection [mariadb] not configured. at /home/ahtesham/Downloads/invest/project/vendor/laravel/framework/src/Illuminate/Database/DatabaseManager.php:196)
[stacktrace]
#0 /home/ahtesham/Downloads/invest/project/vendor/laravel/framework/src/Illuminate/Database/DatabaseManager.php(159): Illuminate\\Database\\DatabaseManager->configuration()
#1 /home/ahtesham/Downloads/invest/project/vendor/laravel/framework/src/Illuminate/Database/DatabaseManager.php(101): Illuminate\\Database\\DatabaseManager->makeConnection()
#2 /home/ahtesham/Downloads/invest/project/vendor/laravel/framework/src/Illuminate/Session/SessionManager.php(108): Illuminate\\Database\\DatabaseManager->connection()
#3 /home/ahtesham/Downloads/invest/project/vendor/laravel/framework/src/Illuminate/Session/SessionManager.php(95): Illuminate\\Session\\SessionManager->getDatabaseConnection()
#4 /home/ahtesham/Downloads/invest/project/vendor/laravel/framework/src/Illuminate/Support/Manager.php(106): Illuminate\\Session\\SessionManager->createDatabaseDriver()
#5 /home/ahtesham/Downloads/invest/project/vendor/laravel/framework/src/Illuminate/Support/Manager.php(80): Illuminate\\Support\\Manager->createDriver()
#6 /home/ahtesham/Downloads/invest/project/vendor/laravel/framework/src/Illuminate/Support/Manager.php(191): Illuminate\\Support\\Manager->driver()
#7 /home/ahtesham/Downloads/invest/project/app/Helpers/helpers.php(117): Illuminate\\Support\\Manager->__call()
#8 /home/ahtesham/Downloads/invest/project/routes/admin.php(67): basicControl()
#9 /home/ahtesham/Downloads/invest/project/vendor/laravel/framework/src/Illuminate/Routing/RouteFileRegistrar.php(35): require('...')
#10 /home/ahtesham/Downloads/invest/project/vendor/laravel/framework/src/Illuminate/Routing/Router.php(511): Illuminate\\Routing\\RouteFileRegistrar->register()
#11 /home/ahtesham/Downloads/invest/project/vendor/laravel/framework/src/Illuminate/Routing/Router.php(465): Illuminate\\Routing\\Router->loadRoutes()
#12 /home/ahtesham/Downloads/invest/project/vendor/laravel/framework/src/Illuminate/Routing/RouteRegistrar.php(194): Illuminate\\Routing\\Router->group()
#13 /home/ahtesham/Downloads/invest/project/app/Providers/RouteServiceProvider.php(39): Illuminate\\Routing\\RouteRegistrar->group()
#14 /home/ahtesham/Downloads/invest/project/vendor/laravel/framework/src/Illuminate/Container/BoundMethod.php(36): App\\Providers\\RouteServiceProvider->App\\Providers\\{closure}()
#15 /home/ahtesham/Downloads/invest/project/vendor/laravel/framework/src/Illuminate/Container/Util.php(41): Illuminate\\Container\\BoundMethod::Illuminate\\Container\\{closure}()
#16 /home/ahtesham/Downloads/invest/project/vendor/laravel/framework/src/Illuminate/Container/BoundMethod.php(81): Illuminate\\Container\\Util::unwrapIfClosure()
#17 /home/ahtesham/Downloads/invest/project/vendor/laravel/framework/src/Illuminate/Container/BoundMethod.php(35): Illuminate\\Container\\BoundMethod::callBoundMethod()
#18 /home/ahtesham/Downloads/invest/project/vendor/laravel/framework/src/Illuminate/Container/Container.php(662): Illuminate\\Container\\BoundMethod::call()
#19 /home/ahtesham/Downloads/invest/project/vendor/laravel/framework/src/Illuminate/Foundation/Support/Providers/RouteServiceProvider.php(120): Illuminate\\Container\\Container->call()
#20 /home/ahtesham/Downloads/invest/project/vendor/laravel/framework/src/Illuminate/Foundation/Support/Providers/RouteServiceProvider.php(45): Illuminate\\Foundation\\Support\\Providers\\RouteServiceProvider->loadRoutes()
#21 /home/ahtesham/Downloads/invest/project/vendor/laravel/framework/src/Illuminate/Container/BoundMethod.php(36): Illuminate\\Foundation\\Support\\Providers\\RouteServiceProvider->Illuminate\\Foundation\\Support\\Providers\\{closure}()
#22 /home/ahtesham/Downloads/invest/project/vendor/laravel/framework/src/Illuminate/Container/Util.php(41): Illuminate\\Container\\BoundMethod::Illuminate\\Container\\{closure}()
#23 /home/ahtesham/Downloads/invest/project/vendor/laravel/framework/src/Illuminate/Container/BoundMethod.php(81): Illuminate\\Container\\Util::unwrapIfClosure()
#24 /home/ahtesham/Downloads/invest/project/vendor/laravel/framework/src/Illuminate/Container/BoundMethod.php(35): Illuminate\\Container\\BoundMethod::callBoundMethod()
#25 /home/ahtesham/Downloads/invest/project/vendor/laravel/framework/src/Illuminate/Container/Container.php(662): Illuminate\\Container\\BoundMethod::call()
#26 /home/ahtesham/Downloads/invest/project/vendor/laravel/framework/src/Illuminate/Support/ServiceProvider.php(119): Illuminate\\Container\\Container->call()
#27 /home/ahtesham/Downloads/invest/project/vendor/laravel/framework/src/Illuminate/Foundation/Application.php(1037): Illuminate\\Support\\ServiceProvider->callBootedCallbacks()
#28 /home/ahtesham/Downloads/invest/project/vendor/laravel/framework/src/Illuminate/Foundation/Application.php(1015): Illuminate\\Foundation\\Application->bootProvider()
#29 [internal function]: Illuminate\\Foundation\\Application->Illuminate\\Foundation\\{closure}()
#30 /home/ahtesham/Downloads/invest/project/vendor/laravel/framework/src/Illuminate/Foundation/Application.php(1014): array_walk()
#31 /home/ahtesham/Downloads/invest/project/vendor/laravel/framework/src/Illuminate/Foundation/Bootstrap/BootProviders.php(17): Illuminate\\Foundation\\Application->boot()
#32 /home/ahtesham/Downloads/invest/project/vendor/laravel/framework/src/Illuminate/Foundation/Application.php(263): Illuminate\\Foundation\\Bootstrap\\BootProviders->bootstrap()
#33 /home/ahtesham/Downloads/invest/project/vendor/laravel/framework/src/Illuminate/Foundation/Console/Kernel.php(447): Illuminate\\Foundation\\Application->bootstrapWith()
#34 /home/ahtesham/Downloads/invest/project/vendor/laravel/framework/src/Illuminate/Foundation/Console/Kernel.php(199): Illuminate\\Foundation\\Console\\Kernel->bootstrap()
#35 Command line code(1): Illuminate\\Foundation\\Console\\Kernel->handle()
#36 {main}
"} 
[2024-09-09 11:35:13] local.ERROR: Database connection [mariadb] not configured. {"exception":"[object] (InvalidArgumentException(code: 0): Database connection [mariadb] not configured. at /home/ahtesham/Downloads/invest/project/vendor/laravel/framework/src/Illuminate/Database/DatabaseManager.php:196)
[stacktrace]
#0 /home/ahtesham/Downloads/invest/project/vendor/laravel/framework/src/Illuminate/Database/DatabaseManager.php(159): Illuminate\\Database\\DatabaseManager->configuration()
#1 /home/ahtesham/Downloads/invest/project/vendor/laravel/framework/src/Illuminate/Database/DatabaseManager.php(101): Illuminate\\Database\\DatabaseManager->makeConnection()
#2 /home/ahtesham/Downloads/invest/project/vendor/laravel/framework/src/Illuminate/Session/SessionManager.php(108): Illuminate\\Database\\DatabaseManager->connection()
#3 /home/ahtesham/Downloads/invest/project/vendor/laravel/framework/src/Illuminate/Session/SessionManager.php(95): Illuminate\\Session\\SessionManager->getDatabaseConnection()
#4 /home/ahtesham/Downloads/invest/project/vendor/laravel/framework/src/Illuminate/Support/Manager.php(106): Illuminate\\Session\\SessionManager->createDatabaseDriver()
#5 /home/ahtesham/Downloads/invest/project/vendor/laravel/framework/src/Illuminate/Support/Manager.php(80): Illuminate\\Support\\Manager->createDriver()
#6 /home/ahtesham/Downloads/invest/project/vendor/laravel/framework/src/Illuminate/Support/Manager.php(191): Illuminate\\Support\\Manager->driver()
#7 /home/ahtesham/Downloads/invest/project/app/Helpers/helpers.php(117): Illuminate\\Support\\Manager->__call()
#8 /home/ahtesham/Downloads/invest/project/routes/admin.php(67): basicControl()
#9 /home/ahtesham/Downloads/invest/project/vendor/laravel/framework/src/Illuminate/Routing/RouteFileRegistrar.php(35): require('...')
#10 /home/ahtesham/Downloads/invest/project/vendor/laravel/framework/src/Illuminate/Routing/Router.php(511): Illuminate\\Routing\\RouteFileRegistrar->register()
#11 /home/ahtesham/Downloads/invest/project/vendor/laravel/framework/src/Illuminate/Routing/Router.php(465): Illuminate\\Routing\\Router->loadRoutes()
#12 /home/ahtesham/Downloads/invest/project/vendor/laravel/framework/src/Illuminate/Routing/RouteRegistrar.php(194): Illuminate\\Routing\\Router->group()
#13 /home/ahtesham/Downloads/invest/project/app/Providers/RouteServiceProvider.php(39): Illuminate\\Routing\\RouteRegistrar->group()
#14 /home/ahtesham/Downloads/invest/project/vendor/laravel/framework/src/Illuminate/Container/BoundMethod.php(36): App\\Providers\\RouteServiceProvider->App\\Providers\\{closure}()
#15 /home/ahtesham/Downloads/invest/project/vendor/laravel/framework/src/Illuminate/Container/Util.php(41): Illuminate\\Container\\BoundMethod::Illuminate\\Container\\{closure}()
#16 /home/ahtesham/Downloads/invest/project/vendor/laravel/framework/src/Illuminate/Container/BoundMethod.php(81): Illuminate\\Container\\Util::unwrapIfClosure()
#17 /home/ahtesham/Downloads/invest/project/vendor/laravel/framework/src/Illuminate/Container/BoundMethod.php(35): Illuminate\\Container\\BoundMethod::callBoundMethod()
#18 /home/ahtesham/Downloads/invest/project/vendor/laravel/framework/src/Illuminate/Container/Container.php(662): Illuminate\\Container\\BoundMethod::call()
#19 /home/ahtesham/Downloads/invest/project/vendor/laravel/framework/src/Illuminate/Foundation/Support/Providers/RouteServiceProvider.php(120): Illuminate\\Container\\Container->call()
#20 /home/ahtesham/Downloads/invest/project/vendor/laravel/framework/src/Illuminate/Foundation/Support/Providers/RouteServiceProvider.php(45): Illuminate\\Foundation\\Support\\Providers\\RouteServiceProvider->loadRoutes()
#21 /home/ahtesham/Downloads/invest/project/vendor/laravel/framework/src/Illuminate/Container/BoundMethod.php(36): Illuminate\\Foundation\\Support\\Providers\\RouteServiceProvider->Illuminate\\Foundation\\Support\\Providers\\{closure}()
#22 /home/ahtesham/Downloads/invest/project/vendor/laravel/framework/src/Illuminate/Container/Util.php(41): Illuminate\\Container\\BoundMethod::Illuminate\\Container\\{closure}()
#23 /home/ahtesham/Downloads/invest/project/vendor/laravel/framework/src/Illuminate/Container/BoundMethod.php(81): Illuminate\\Container\\Util::unwrapIfClosure()
#24 /home/ahtesham/Downloads/invest/project/vendor/laravel/framework/src/Illuminate/Container/BoundMethod.php(35): Illuminate\\Container\\BoundMethod::callBoundMethod()
#25 /home/ahtesham/Downloads/invest/project/vendor/laravel/framework/src/Illuminate/Container/Container.php(662): Illuminate\\Container\\BoundMethod::call()
#26 /home/ahtesham/Downloads/invest/project/vendor/laravel/framework/src/Illuminate/Support/ServiceProvider.php(119): Illuminate\\Container\\Container->call()
#27 /home/ahtesham/Downloads/invest/project/vendor/laravel/framework/src/Illuminate/Foundation/Application.php(1037): Illuminate\\Support\\ServiceProvider->callBootedCallbacks()
#28 /home/ahtesham/Downloads/invest/project/vendor/laravel/framework/src/Illuminate/Foundation/Application.php(1015): Illuminate\\Foundation\\Application->bootProvider()
#29 [internal function]: Illuminate\\Foundation\\Application->Illuminate\\Foundation\\{closure}()
#30 /home/ahtesham/Downloads/invest/project/vendor/laravel/framework/src/Illuminate/Foundation/Application.php(1014): array_walk()
#31 /home/ahtesham/Downloads/invest/project/vendor/laravel/framework/src/Illuminate/Foundation/Bootstrap/BootProviders.php(17): Illuminate\\Foundation\\Application->boot()
#32 /home/ahtesham/Downloads/invest/project/vendor/laravel/framework/src/Illuminate/Foundation/Application.php(263): Illuminate\\Foundation\\Bootstrap\\BootProviders->bootstrap()
#33 /home/ahtesham/Downloads/invest/project/vendor/laravel/framework/src/Illuminate/Foundation/Console/Kernel.php(447): Illuminate\\Foundation\\Application->bootstrapWith()
#34 /home/ahtesham/Downloads/invest/project/vendor/laravel/framework/src/Illuminate/Foundation/Console/Kernel.php(199): Illuminate\\Foundation\\Console\\Kernel->bootstrap()
#35 Command line code(1): Illuminate\\Foundation\\Console\\Kernel->handle()
#36 {main}
"} 
[2024-09-09 11:35:14] local.ERROR: Database connection [mariadb] not configured. {"exception":"[object] (InvalidArgumentException(code: 0): Database connection [mariadb] not configured. at /home/ahtesham/Downloads/invest/project/vendor/laravel/framework/src/Illuminate/Database/DatabaseManager.php:196)
[stacktrace]
#0 /home/ahtesham/Downloads/invest/project/vendor/laravel/framework/src/Illuminate/Database/DatabaseManager.php(159): Illuminate\\Database\\DatabaseManager->configuration()
#1 /home/ahtesham/Downloads/invest/project/vendor/laravel/framework/src/Illuminate/Database/DatabaseManager.php(101): Illuminate\\Database\\DatabaseManager->makeConnection()
#2 /home/ahtesham/Downloads/invest/project/vendor/laravel/framework/src/Illuminate/Session/SessionManager.php(108): Illuminate\\Database\\DatabaseManager->connection()
#3 /home/ahtesham/Downloads/invest/project/vendor/laravel/framework/src/Illuminate/Session/SessionManager.php(95): Illuminate\\Session\\SessionManager->getDatabaseConnection()
#4 /home/ahtesham/Downloads/invest/project/vendor/laravel/framework/src/Illuminate/Support/Manager.php(106): Illuminate\\Session\\SessionManager->createDatabaseDriver()
#5 /home/ahtesham/Downloads/invest/project/vendor/laravel/framework/src/Illuminate/Support/Manager.php(80): Illuminate\\Support\\Manager->createDriver()
#6 /home/ahtesham/Downloads/invest/project/vendor/laravel/framework/src/Illuminate/Support/Manager.php(191): Illuminate\\Support\\Manager->driver()
#7 /home/ahtesham/Downloads/invest/project/app/Helpers/helpers.php(117): Illuminate\\Support\\Manager->__call()
#8 /home/ahtesham/Downloads/invest/project/routes/admin.php(67): basicControl()
#9 /home/ahtesham/Downloads/invest/project/vendor/laravel/framework/src/Illuminate/Routing/RouteFileRegistrar.php(35): require('...')
#10 /home/ahtesham/Downloads/invest/project/vendor/laravel/framework/src/Illuminate/Routing/Router.php(511): Illuminate\\Routing\\RouteFileRegistrar->register()
#11 /home/ahtesham/Downloads/invest/project/vendor/laravel/framework/src/Illuminate/Routing/Router.php(465): Illuminate\\Routing\\Router->loadRoutes()
#12 /home/ahtesham/Downloads/invest/project/vendor/laravel/framework/src/Illuminate/Routing/RouteRegistrar.php(194): Illuminate\\Routing\\Router->group()
#13 /home/ahtesham/Downloads/invest/project/app/Providers/RouteServiceProvider.php(39): Illuminate\\Routing\\RouteRegistrar->group()
#14 /home/ahtesham/Downloads/invest/project/vendor/laravel/framework/src/Illuminate/Container/BoundMethod.php(36): App\\Providers\\RouteServiceProvider->App\\Providers\\{closure}()
#15 /home/ahtesham/Downloads/invest/project/vendor/laravel/framework/src/Illuminate/Container/Util.php(41): Illuminate\\Container\\BoundMethod::Illuminate\\Container\\{closure}()
#16 /home/ahtesham/Downloads/invest/project/vendor/laravel/framework/src/Illuminate/Container/BoundMethod.php(81): Illuminate\\Container\\Util::unwrapIfClosure()
#17 /home/ahtesham/Downloads/invest/project/vendor/laravel/framework/src/Illuminate/Container/BoundMethod.php(35): Illuminate\\Container\\BoundMethod::callBoundMethod()
#18 /home/ahtesham/Downloads/invest/project/vendor/laravel/framework/src/Illuminate/Container/Container.php(662): Illuminate\\Container\\BoundMethod::call()
#19 /home/ahtesham/Downloads/invest/project/vendor/laravel/framework/src/Illuminate/Foundation/Support/Providers/RouteServiceProvider.php(120): Illuminate\\Container\\Container->call()
#20 /home/ahtesham/Downloads/invest/project/vendor/laravel/framework/src/Illuminate/Foundation/Support/Providers/RouteServiceProvider.php(45): Illuminate\\Foundation\\Support\\Providers\\RouteServiceProvider->loadRoutes()
#21 /home/ahtesham/Downloads/invest/project/vendor/laravel/framework/src/Illuminate/Container/BoundMethod.php(36): Illuminate\\Foundation\\Support\\Providers\\RouteServiceProvider->Illuminate\\Foundation\\Support\\Providers\\{closure}()
#22 /home/ahtesham/Downloads/invest/project/vendor/laravel/framework/src/Illuminate/Container/Util.php(41): Illuminate\\Container\\BoundMethod::Illuminate\\Container\\{closure}()
#23 /home/ahtesham/Downloads/invest/project/vendor/laravel/framework/src/Illuminate/Container/BoundMethod.php(81): Illuminate\\Container\\Util::unwrapIfClosure()
#24 /home/ahtesham/Downloads/invest/project/vendor/laravel/framework/src/Illuminate/Container/BoundMethod.php(35): Illuminate\\Container\\BoundMethod::callBoundMethod()
#25 /home/ahtesham/Downloads/invest/project/vendor/laravel/framework/src/Illuminate/Container/Container.php(662): Illuminate\\Container\\BoundMethod::call()
#26 /home/ahtesham/Downloads/invest/project/vendor/laravel/framework/src/Illuminate/Support/ServiceProvider.php(119): Illuminate\\Container\\Container->call()
#27 /home/ahtesham/Downloads/invest/project/vendor/laravel/framework/src/Illuminate/Foundation/Application.php(1037): Illuminate\\Support\\ServiceProvider->callBootedCallbacks()
#28 /home/ahtesham/Downloads/invest/project/vendor/laravel/framework/src/Illuminate/Foundation/Application.php(1015): Illuminate\\Foundation\\Application->bootProvider()
#29 [internal function]: Illuminate\\Foundation\\Application->Illuminate\\Foundation\\{closure}()
#30 /home/ahtesham/Downloads/invest/project/vendor/laravel/framework/src/Illuminate/Foundation/Application.php(1014): array_walk()
#31 /home/ahtesham/Downloads/invest/project/vendor/laravel/framework/src/Illuminate/Foundation/Bootstrap/BootProviders.php(17): Illuminate\\Foundation\\Application->boot()
#32 /home/ahtesham/Downloads/invest/project/vendor/laravel/framework/src/Illuminate/Foundation/Application.php(263): Illuminate\\Foundation\\Bootstrap\\BootProviders->bootstrap()
#33 /home/ahtesham/Downloads/invest/project/vendor/laravel/framework/src/Illuminate/Foundation/Console/Kernel.php(447): Illuminate\\Foundation\\Application->bootstrapWith()
#34 /home/ahtesham/Downloads/invest/project/vendor/laravel/framework/src/Illuminate/Foundation/Console/Kernel.php(199): Illuminate\\Foundation\\Console\\Kernel->bootstrap()
#35 Command line code(1): Illuminate\\Foundation\\Console\\Kernel->handle()
#36 {main}
"} 
[2024-09-09 11:35:19] local.ERROR: Database connection [mariadb] not configured. {"exception":"[object] (InvalidArgumentException(code: 0): Database connection [mariadb] not configured. at /home/ahtesham/Downloads/invest/project/vendor/laravel/framework/src/Illuminate/Database/DatabaseManager.php:196)
[stacktrace]
#0 /home/ahtesham/Downloads/invest/project/vendor/laravel/framework/src/Illuminate/Database/DatabaseManager.php(159): Illuminate\\Database\\DatabaseManager->configuration()
#1 /home/ahtesham/Downloads/invest/project/vendor/laravel/framework/src/Illuminate/Database/DatabaseManager.php(101): Illuminate\\Database\\DatabaseManager->makeConnection()
#2 /home/ahtesham/Downloads/invest/project/vendor/laravel/framework/src/Illuminate/Session/SessionManager.php(108): Illuminate\\Database\\DatabaseManager->connection()
#3 /home/ahtesham/Downloads/invest/project/vendor/laravel/framework/src/Illuminate/Session/SessionManager.php(95): Illuminate\\Session\\SessionManager->getDatabaseConnection()
#4 /home/ahtesham/Downloads/invest/project/vendor/laravel/framework/src/Illuminate/Support/Manager.php(106): Illuminate\\Session\\SessionManager->createDatabaseDriver()
#5 /home/ahtesham/Downloads/invest/project/vendor/laravel/framework/src/Illuminate/Support/Manager.php(80): Illuminate\\Support\\Manager->createDriver()
#6 /home/ahtesham/Downloads/invest/project/vendor/laravel/framework/src/Illuminate/Support/Manager.php(191): Illuminate\\Support\\Manager->driver()
#7 /home/ahtesham/Downloads/invest/project/app/Helpers/helpers.php(117): Illuminate\\Support\\Manager->__call()
#8 /home/ahtesham/Downloads/invest/project/routes/admin.php(67): basicControl()
#9 /home/ahtesham/Downloads/invest/project/vendor/laravel/framework/src/Illuminate/Routing/RouteFileRegistrar.php(35): require('...')
#10 /home/ahtesham/Downloads/invest/project/vendor/laravel/framework/src/Illuminate/Routing/Router.php(511): Illuminate\\Routing\\RouteFileRegistrar->register()
#11 /home/ahtesham/Downloads/invest/project/vendor/laravel/framework/src/Illuminate/Routing/Router.php(465): Illuminate\\Routing\\Router->loadRoutes()
#12 /home/ahtesham/Downloads/invest/project/vendor/laravel/framework/src/Illuminate/Routing/RouteRegistrar.php(194): Illuminate\\Routing\\Router->group()
#13 /home/ahtesham/Downloads/invest/project/app/Providers/RouteServiceProvider.php(39): Illuminate\\Routing\\RouteRegistrar->group()
#14 /home/ahtesham/Downloads/invest/project/vendor/laravel/framework/src/Illuminate/Container/BoundMethod.php(36): App\\Providers\\RouteServiceProvider->App\\Providers\\{closure}()
#15 /home/ahtesham/Downloads/invest/project/vendor/laravel/framework/src/Illuminate/Container/Util.php(41): Illuminate\\Container\\BoundMethod::Illuminate\\Container\\{closure}()
#16 /home/ahtesham/Downloads/invest/project/vendor/laravel/framework/src/Illuminate/Container/BoundMethod.php(81): Illuminate\\Container\\Util::unwrapIfClosure()
#17 /home/ahtesham/Downloads/invest/project/vendor/laravel/framework/src/Illuminate/Container/BoundMethod.php(35): Illuminate\\Container\\BoundMethod::callBoundMethod()
#18 /home/ahtesham/Downloads/invest/project/vendor/laravel/framework/src/Illuminate/Container/Container.php(662): Illuminate\\Container\\BoundMethod::call()
#19 /home/ahtesham/Downloads/invest/project/vendor/laravel/framework/src/Illuminate/Foundation/Support/Providers/RouteServiceProvider.php(120): Illuminate\\Container\\Container->call()
#20 /home/ahtesham/Downloads/invest/project/vendor/laravel/framework/src/Illuminate/Foundation/Support/Providers/RouteServiceProvider.php(45): Illuminate\\Foundation\\Support\\Providers\\RouteServiceProvider->loadRoutes()
#21 /home/ahtesham/Downloads/invest/project/vendor/laravel/framework/src/Illuminate/Container/BoundMethod.php(36): Illuminate\\Foundation\\Support\\Providers\\RouteServiceProvider->Illuminate\\Foundation\\Support\\Providers\\{closure}()
#22 /home/ahtesham/Downloads/invest/project/vendor/laravel/framework/src/Illuminate/Container/Util.php(41): Illuminate\\Container\\BoundMethod::Illuminate\\Container\\{closure}()
#23 /home/ahtesham/Downloads/invest/project/vendor/laravel/framework/src/Illuminate/Container/BoundMethod.php(81): Illuminate\\Container\\Util::unwrapIfClosure()
#24 /home/ahtesham/Downloads/invest/project/vendor/laravel/framework/src/Illuminate/Container/BoundMethod.php(35): Illuminate\\Container\\BoundMethod::callBoundMethod()
#25 /home/ahtesham/Downloads/invest/project/vendor/laravel/framework/src/Illuminate/Container/Container.php(662): Illuminate\\Container\\BoundMethod::call()
#26 /home/ahtesham/Downloads/invest/project/vendor/laravel/framework/src/Illuminate/Support/ServiceProvider.php(119): Illuminate\\Container\\Container->call()
#27 /home/ahtesham/Downloads/invest/project/vendor/laravel/framework/src/Illuminate/Foundation/Application.php(1037): Illuminate\\Support\\ServiceProvider->callBootedCallbacks()
#28 /home/ahtesham/Downloads/invest/project/vendor/laravel/framework/src/Illuminate/Foundation/Application.php(1015): Illuminate\\Foundation\\Application->bootProvider()
#29 [internal function]: Illuminate\\Foundation\\Application->Illuminate\\Foundation\\{closure}()
#30 /home/ahtesham/Downloads/invest/project/vendor/laravel/framework/src/Illuminate/Foundation/Application.php(1014): array_walk()
#31 /home/ahtesham/Downloads/invest/project/vendor/laravel/framework/src/Illuminate/Foundation/Bootstrap/BootProviders.php(17): Illuminate\\Foundation\\Application->boot()
#32 /home/ahtesham/Downloads/invest/project/vendor/laravel/framework/src/Illuminate/Foundation/Application.php(263): Illuminate\\Foundation\\Bootstrap\\BootProviders->bootstrap()
#33 /home/ahtesham/Downloads/invest/project/vendor/laravel/framework/src/Illuminate/Foundation/Console/Kernel.php(447): Illuminate\\Foundation\\Application->bootstrapWith()
#34 /home/ahtesham/Downloads/invest/project/vendor/laravel/framework/src/Illuminate/Foundation/Console/Kernel.php(199): Illuminate\\Foundation\\Console\\Kernel->bootstrap()
#35 Command line code(1): Illuminate\\Foundation\\Console\\Kernel->handle()
#36 {main}
"} 
